{
  meta: {
    req: {
      url: '/test',
      headers: {
        host: 'localhost:4000',
        connection: 'keep-alive',
        'sec-ch-ua': '"Chromium";v="130", "Google Chrome";v="130", "Not?A_Brand";v="99"',
        'sec-ch-ua-mobile': '?0',
        'sec-ch-ua-platform': '"Windows"',
        'upgrade-insecure-requests': '1',
        'user-agent': 'Mozilla/5.0 (Windows NT 10.0; Win64; x64) AppleWebKit/537.36 (KHTML, like Gecko) Chrome/130.0.0.0 Safari/537.36',
        accept: 'text/html,application/xhtml+xml,application/xml;q=0.9,image/avif,image/webp,image/apng,*/*;q=0.8,application/signed-exchange;v=b3;q=0.7',
        'sec-fetch-site': 'none',
        'sec-fetch-mode': 'navigate',
        'sec-fetch-user': '?1',
        'sec-fetch-dest': 'document',
        'accept-encoding': 'gzip, deflate, br, zstd',
        'accept-language': 'en-US,en;q=0.9,fa;q=0.8',
        cookie: 'comentid=projects.css; ids=projects.css; id=657a9dd18d0370d9d2efb3f6; csrftoken=f7nKJuUIiFhDdEvJYEwLKwrB46a528ds; gmail=kianlucifer0098%40gmail.com; name=majid; verifyNumber=%20hhhads%3Blkf'
      },
      method: 'GET',
      httpVersion: '1.1',
      originalUrl: '/test',
      query: {}
    },
    res: { statusCode: 200 },
    responseTime: 3
  },
  level: 'info',
  message: 'GET /test 200 3ms',
  label: 'right meow!',
  timestamp: '2024-11-19 00:17:09'
}
{
  meta: {
    req: {
      url: '/favicon.ico',
      headers: {
        host: 'localhost:4000',
        connection: 'keep-alive',
        'sec-ch-ua-platform': '"Windows"',
        'user-agent': 'Mozilla/5.0 (Windows NT 10.0; Win64; x64) AppleWebKit/537.36 (KHTML, like Gecko) Chrome/130.0.0.0 Safari/537.36',
        'sec-ch-ua': '"Chromium";v="130", "Google Chrome";v="130", "Not?A_Brand";v="99"',
        'sec-ch-ua-mobile': '?0',
        accept: 'image/avif,image/webp,image/apng,image/svg+xml,image/*,*/*;q=0.8',
        'sec-fetch-site': 'same-origin',
        'sec-fetch-mode': 'no-cors',
        'sec-fetch-dest': 'image',
        'accept-encoding': 'gzip, deflate, br, zstd',
        'accept-language': 'en-US,en;q=0.9,fa;q=0.8',
        cookie: 'comentid=projects.css; ids=projects.css; id=657a9dd18d0370d9d2efb3f6; csrftoken=f7nKJuUIiFhDdEvJYEwLKwrB46a528ds; gmail=kianlucifer0098%40gmail.com; name=majid; verifyNumber=%20hhhads%3Blkf'
      },
      method: 'GET',
      httpVersion: '1.1',
      originalUrl: '/favicon.ico',
      query: {}
    },
    res: { statusCode: 404 },
    responseTime: 3
  },
  level: 'warn',
  message: 'GET /favicon.ico 404 3ms',
  label: 'right meow!',
  timestamp: '2024-11-19 00:17:09'
}
{
  meta: {
    req: {
      url: '/register',
      headers: {
        'content-type': 'application/json',
        authorization: 'Bearer eyJhbGciOiJIUzI1NiIsInR5cCI6IkpXVCJ9.eyJ1c2VyRGF0YSI6eyJfaWQiOiI2NmVlYjM2OWQwOTUzYzgwNTY2N2M5MWYiLCJ1c2VybmFtZSI6Imhvc3NlaW51dXUiLCJyb2xlIjoyLCJzdXNwZW5kIjpmYWxzZSwiZW1haWwiOiJ1c2VyM0BnbWFpbC5jb20iLCJwaWN0dXJlUHJvZmlsZSI6Imh0dHBzOi8vY2RuLnNwaWRlci1jcnlwdG9ib3Quc2l0ZS9wcm9maWxlcy9lMTI4MTZlNmNiMWJlNzlhZWYyNTVkM2YxMGUzZDEwYzFjLnBuZyIsImxlYWRlcnMiOlsiNjZkMDZkYTU0YzZlNTQxMDc4ZDM0ZjFhIiwiNjZmYjA4N2U5YjcxYTJkNzZiYmFjNzY4IiwiNjZjNmUyYzBlMjI2NDNlMTllZDJmZmNkIl19LCJpYXQiOjE3Mjk5NzU1MzMsImV4cCI6MTczMDAxODczM30.bV0Ux96f62YQSyKXgTOtSmdZOy8cm6QO0hHetyW_M9g',
        'user-agent': 'PostmanRuntime/7.42.0',
        accept: '*/*',
        'postman-token': '340a7800-a086-4356-9ba3-1c639dd87a8a',
        host: 'localhost:5000',
        'accept-encoding': 'gzip, deflate, br',
        connection: 'keep-alive',
        'content-length': '144'
      },
      method: 'POST',
      httpVersion: '1.1',
      originalUrl: '/register',
      query: {}
    },
    res: { statusCode: 200 },
    responseTime: 174
  },
  level: 'info',
  message: 'POST /register 200 174ms',
  label: 'right meow!',
  timestamp: '2024-11-19 17:58:53'
}
{
  meta: {
    req: {
      url: '/register',
      headers: {
        'content-type': 'application/json',
        authorization: 'Bearer eyJhbGciOiJIUzI1NiIsInR5cCI6IkpXVCJ9.eyJ1c2VyRGF0YSI6eyJfaWQiOiI2NmVlYjM2OWQwOTUzYzgwNTY2N2M5MWYiLCJ1c2VybmFtZSI6Imhvc3NlaW51dXUiLCJyb2xlIjoyLCJzdXNwZW5kIjpmYWxzZSwiZW1haWwiOiJ1c2VyM0BnbWFpbC5jb20iLCJwaWN0dXJlUHJvZmlsZSI6Imh0dHBzOi8vY2RuLnNwaWRlci1jcnlwdG9ib3Quc2l0ZS9wcm9maWxlcy9lMTI4MTZlNmNiMWJlNzlhZWYyNTVkM2YxMGUzZDEwYzFjLnBuZyIsImxlYWRlcnMiOlsiNjZkMDZkYTU0YzZlNTQxMDc4ZDM0ZjFhIiwiNjZmYjA4N2U5YjcxYTJkNzZiYmFjNzY4IiwiNjZjNmUyYzBlMjI2NDNlMTllZDJmZmNkIl19LCJpYXQiOjE3Mjk5NzU1MzMsImV4cCI6MTczMDAxODczM30.bV0Ux96f62YQSyKXgTOtSmdZOy8cm6QO0hHetyW_M9g',
        'user-agent': 'PostmanRuntime/7.42.0',
        accept: '*/*',
        'postman-token': '79a4d4d7-78f8-48ba-a649-6951609fd481',
        host: 'localhost:5000',
        'accept-encoding': 'gzip, deflate, br',
        connection: 'keep-alive',
        'content-length': '144'
      },
      method: 'POST',
      httpVersion: '1.1',
      originalUrl: '/register',
      query: {}
    },
    res: { statusCode: 200 },
    responseTime: 168
  },
  level: 'info',
  message: 'POST /register 200 168ms',
  label: 'right meow!',
  timestamp: '2024-11-19 17:59:38'
}
{
  meta: {
    req: {
      url: '/register',
      headers: {
        'content-type': 'application/json',
        authorization: 'Bearer eyJhbGciOiJIUzI1NiIsInR5cCI6IkpXVCJ9.eyJ1c2VyRGF0YSI6eyJfaWQiOiI2NmVlYjM2OWQwOTUzYzgwNTY2N2M5MWYiLCJ1c2VybmFtZSI6Imhvc3NlaW51dXUiLCJyb2xlIjoyLCJzdXNwZW5kIjpmYWxzZSwiZW1haWwiOiJ1c2VyM0BnbWFpbC5jb20iLCJwaWN0dXJlUHJvZmlsZSI6Imh0dHBzOi8vY2RuLnNwaWRlci1jcnlwdG9ib3Quc2l0ZS9wcm9maWxlcy9lMTI4MTZlNmNiMWJlNzlhZWYyNTVkM2YxMGUzZDEwYzFjLnBuZyIsImxlYWRlcnMiOlsiNjZkMDZkYTU0YzZlNTQxMDc4ZDM0ZjFhIiwiNjZmYjA4N2U5YjcxYTJkNzZiYmFjNzY4IiwiNjZjNmUyYzBlMjI2NDNlMTllZDJmZmNkIl19LCJpYXQiOjE3Mjk5NzU1MzMsImV4cCI6MTczMDAxODczM30.bV0Ux96f62YQSyKXgTOtSmdZOy8cm6QO0hHetyW_M9g',
        'user-agent': 'PostmanRuntime/7.42.0',
        accept: '*/*',
        'postman-token': '939bef33-cd4c-4570-9c39-cf885748d228',
        host: 'localhost:5000',
        'accept-encoding': 'gzip, deflate, br',
        connection: 'keep-alive',
        'content-length': '140'
      },
      method: 'POST',
      httpVersion: '1.1',
      originalUrl: '/register',
      query: {}
    },
    res: { statusCode: 200 },
    responseTime: 168
  },
  level: 'info',
  message: 'POST /register 200 168ms',
  label: 'right meow!',
  timestamp: '2024-11-19 18:13:05'
}
{
  meta: {
    req: {
      url: '/register',
      headers: {
        'content-type': 'application/json',
        authorization: 'Bearer eyJhbGciOiJIUzI1NiIsInR5cCI6IkpXVCJ9.eyJ1c2VyRGF0YSI6eyJfaWQiOiI2NmVlYjM2OWQwOTUzYzgwNTY2N2M5MWYiLCJ1c2VybmFtZSI6Imhvc3NlaW51dXUiLCJyb2xlIjoyLCJzdXNwZW5kIjpmYWxzZSwiZW1haWwiOiJ1c2VyM0BnbWFpbC5jb20iLCJwaWN0dXJlUHJvZmlsZSI6Imh0dHBzOi8vY2RuLnNwaWRlci1jcnlwdG9ib3Quc2l0ZS9wcm9maWxlcy9lMTI4MTZlNmNiMWJlNzlhZWYyNTVkM2YxMGUzZDEwYzFjLnBuZyIsImxlYWRlcnMiOlsiNjZkMDZkYTU0YzZlNTQxMDc4ZDM0ZjFhIiwiNjZmYjA4N2U5YjcxYTJkNzZiYmFjNzY4IiwiNjZjNmUyYzBlMjI2NDNlMTllZDJmZmNkIl19LCJpYXQiOjE3Mjk5NzU1MzMsImV4cCI6MTczMDAxODczM30.bV0Ux96f62YQSyKXgTOtSmdZOy8cm6QO0hHetyW_M9g',
        'user-agent': 'PostmanRuntime/7.42.0',
        accept: '*/*',
        'postman-token': '60ecd5da-3ad3-4f7d-bbbd-5122a475d6a4',
        host: 'localhost:5000',
        'accept-encoding': 'gzip, deflate, br',
        connection: 'keep-alive',
        'content-length': '124'
      },
      method: 'POST',
      httpVersion: '1.1',
      originalUrl: '/register',
      query: {}
    },
    res: { statusCode: 200 },
    responseTime: 111
  },
  level: 'info',
  message: 'POST /register 200 111ms',
  label: 'right meow!',
  timestamp: '2024-11-19 18:13:28'
}
{
  meta: {
    req: {
      url: '/register',
      headers: {
        'content-type': 'application/json',
        authorization: 'Bearer eyJhbGciOiJIUzI1NiIsInR5cCI6IkpXVCJ9.eyJ1c2VyRGF0YSI6eyJfaWQiOiI2NmVlYjM2OWQwOTUzYzgwNTY2N2M5MWYiLCJ1c2VybmFtZSI6Imhvc3NlaW51dXUiLCJyb2xlIjoyLCJzdXNwZW5kIjpmYWxzZSwiZW1haWwiOiJ1c2VyM0BnbWFpbC5jb20iLCJwaWN0dXJlUHJvZmlsZSI6Imh0dHBzOi8vY2RuLnNwaWRlci1jcnlwdG9ib3Quc2l0ZS9wcm9maWxlcy9lMTI4MTZlNmNiMWJlNzlhZWYyNTVkM2YxMGUzZDEwYzFjLnBuZyIsImxlYWRlcnMiOlsiNjZkMDZkYTU0YzZlNTQxMDc4ZDM0ZjFhIiwiNjZmYjA4N2U5YjcxYTJkNzZiYmFjNzY4IiwiNjZjNmUyYzBlMjI2NDNlMTllZDJmZmNkIl19LCJpYXQiOjE3Mjk5NzU1MzMsImV4cCI6MTczMDAxODczM30.bV0Ux96f62YQSyKXgTOtSmdZOy8cm6QO0hHetyW_M9g',
        'user-agent': 'PostmanRuntime/7.42.0',
        accept: '*/*',
        'postman-token': '531563be-23f6-4c27-9bce-f94d445b093f',
        host: 'localhost:5000',
        'accept-encoding': 'gzip, deflate, br',
        connection: 'keep-alive',
        'content-length': '124'
      },
      method: 'POST',
      httpVersion: '1.1',
      originalUrl: '/register',
      query: {}
    },
    res: { statusCode: 400 },
    responseTime: 23
  },
  level: 'warn',
  message: 'POST /register 400 23ms',
  label: 'right meow!',
  timestamp: '2024-11-19 18:16:26'
}
{
  meta: {
    req: {
      url: '/register',
      headers: {
        'content-type': 'application/json',
        authorization: 'Bearer eyJhbGciOiJIUzI1NiIsInR5cCI6IkpXVCJ9.eyJ1c2VyRGF0YSI6eyJfaWQiOiI2NmVlYjM2OWQwOTUzYzgwNTY2N2M5MWYiLCJ1c2VybmFtZSI6Imhvc3NlaW51dXUiLCJyb2xlIjoyLCJzdXNwZW5kIjpmYWxzZSwiZW1haWwiOiJ1c2VyM0BnbWFpbC5jb20iLCJwaWN0dXJlUHJvZmlsZSI6Imh0dHBzOi8vY2RuLnNwaWRlci1jcnlwdG9ib3Quc2l0ZS9wcm9maWxlcy9lMTI4MTZlNmNiMWJlNzlhZWYyNTVkM2YxMGUzZDEwYzFjLnBuZyIsImxlYWRlcnMiOlsiNjZkMDZkYTU0YzZlNTQxMDc4ZDM0ZjFhIiwiNjZmYjA4N2U5YjcxYTJkNzZiYmFjNzY4IiwiNjZjNmUyYzBlMjI2NDNlMTllZDJmZmNkIl19LCJpYXQiOjE3Mjk5NzU1MzMsImV4cCI6MTczMDAxODczM30.bV0Ux96f62YQSyKXgTOtSmdZOy8cm6QO0hHetyW_M9g',
        'user-agent': 'PostmanRuntime/7.42.0',
        accept: '*/*',
        'postman-token': '3d0aa7b1-9286-417e-a160-5856556cc42d',
        host: 'localhost:5000',
        'accept-encoding': 'gzip, deflate, br',
        connection: 'keep-alive',
        'content-length': '124'
      },
      method: 'POST',
      httpVersion: '1.1',
      originalUrl: '/register',
      query: {}
    },
    res: { statusCode: 400 },
    responseTime: 3
  },
  level: 'warn',
  message: 'POST /register 400 3ms',
  label: 'right meow!',
  timestamp: '2024-11-19 18:16:32'
}
{
  meta: {
    req: {
      url: '/register',
      headers: {
        'content-type': 'application/json',
        authorization: 'Bearer eyJhbGciOiJIUzI1NiIsInR5cCI6IkpXVCJ9.eyJ1c2VyRGF0YSI6eyJfaWQiOiI2NmVlYjM2OWQwOTUzYzgwNTY2N2M5MWYiLCJ1c2VybmFtZSI6Imhvc3NlaW51dXUiLCJyb2xlIjoyLCJzdXNwZW5kIjpmYWxzZSwiZW1haWwiOiJ1c2VyM0BnbWFpbC5jb20iLCJwaWN0dXJlUHJvZmlsZSI6Imh0dHBzOi8vY2RuLnNwaWRlci1jcnlwdG9ib3Quc2l0ZS9wcm9maWxlcy9lMTI4MTZlNmNiMWJlNzlhZWYyNTVkM2YxMGUzZDEwYzFjLnBuZyIsImxlYWRlcnMiOlsiNjZkMDZkYTU0YzZlNTQxMDc4ZDM0ZjFhIiwiNjZmYjA4N2U5YjcxYTJkNzZiYmFjNzY4IiwiNjZjNmUyYzBlMjI2NDNlMTllZDJmZmNkIl19LCJpYXQiOjE3Mjk5NzU1MzMsImV4cCI6MTczMDAxODczM30.bV0Ux96f62YQSyKXgTOtSmdZOy8cm6QO0hHetyW_M9g',
        'user-agent': 'PostmanRuntime/7.42.0',
        accept: '*/*',
        'postman-token': '1334b81f-7d35-4a1f-9da7-cac787d43919',
        host: 'localhost:5000',
        'accept-encoding': 'gzip, deflate, br',
        connection: 'keep-alive',
        'content-length': '144'
      },
      method: 'POST',
      httpVersion: '1.1',
      originalUrl: '/register',
      query: {}
    },
    res: { statusCode: 200 },
    responseTime: 124
  },
  level: 'info',
  message: 'POST /register 200 124ms',
  label: 'right meow!',
  timestamp: '2024-11-19 18:16:48'
}
{
  meta: {
    req: {
      url: '/register',
      headers: {
        'content-type': 'application/json',
        authorization: 'Bearer eyJhbGciOiJIUzI1NiIsInR5cCI6IkpXVCJ9.eyJ1c2VyRGF0YSI6eyJfaWQiOiI2NmVlYjM2OWQwOTUzYzgwNTY2N2M5MWYiLCJ1c2VybmFtZSI6Imhvc3NlaW51dXUiLCJyb2xlIjoyLCJzdXNwZW5kIjpmYWxzZSwiZW1haWwiOiJ1c2VyM0BnbWFpbC5jb20iLCJwaWN0dXJlUHJvZmlsZSI6Imh0dHBzOi8vY2RuLnNwaWRlci1jcnlwdG9ib3Quc2l0ZS9wcm9maWxlcy9lMTI4MTZlNmNiMWJlNzlhZWYyNTVkM2YxMGUzZDEwYzFjLnBuZyIsImxlYWRlcnMiOlsiNjZkMDZkYTU0YzZlNTQxMDc4ZDM0ZjFhIiwiNjZmYjA4N2U5YjcxYTJkNzZiYmFjNzY4IiwiNjZjNmUyYzBlMjI2NDNlMTllZDJmZmNkIl19LCJpYXQiOjE3Mjk5NzU1MzMsImV4cCI6MTczMDAxODczM30.bV0Ux96f62YQSyKXgTOtSmdZOy8cm6QO0hHetyW_M9g',
        'user-agent': 'PostmanRuntime/7.42.0',
        accept: '*/*',
        'postman-token': '67c20fd8-6057-4a24-9acc-1824a8aa6582',
        host: 'localhost:5000',
        'accept-encoding': 'gzip, deflate, br',
        connection: 'keep-alive',
        'content-length': '124'
      },
      method: 'POST',
      httpVersion: '1.1',
      originalUrl: '/register',
      query: {}
    },
    res: { statusCode: 400 },
    responseTime: 37
  },
  level: 'warn',
  message: 'POST /register 400 37ms',
  label: 'right meow!',
  timestamp: '2024-11-21 09:45:42'
}
{
  meta: {
    req: {
      url: '/register',
      headers: {
        'content-type': 'application/json',
        authorization: 'Bearer eyJhbGciOiJIUzI1NiIsInR5cCI6IkpXVCJ9.eyJ1c2VyRGF0YSI6eyJfaWQiOiI2NmVlYjM2OWQwOTUzYzgwNTY2N2M5MWYiLCJ1c2VybmFtZSI6Imhvc3NlaW51dXUiLCJyb2xlIjoyLCJzdXNwZW5kIjpmYWxzZSwiZW1haWwiOiJ1c2VyM0BnbWFpbC5jb20iLCJwaWN0dXJlUHJvZmlsZSI6Imh0dHBzOi8vY2RuLnNwaWRlci1jcnlwdG9ib3Quc2l0ZS9wcm9maWxlcy9lMTI4MTZlNmNiMWJlNzlhZWYyNTVkM2YxMGUzZDEwYzFjLnBuZyIsImxlYWRlcnMiOlsiNjZkMDZkYTU0YzZlNTQxMDc4ZDM0ZjFhIiwiNjZmYjA4N2U5YjcxYTJkNzZiYmFjNzY4IiwiNjZjNmUyYzBlMjI2NDNlMTllZDJmZmNkIl19LCJpYXQiOjE3Mjk5NzU1MzMsImV4cCI6MTczMDAxODczM30.bV0Ux96f62YQSyKXgTOtSmdZOy8cm6QO0hHetyW_M9g',
        'user-agent': 'PostmanRuntime/7.42.0',
        accept: '*/*',
        'postman-token': '04ee35e0-8db5-4436-a8f2-00aa1177afc4',
        host: 'localhost:5000',
        'accept-encoding': 'gzip, deflate, br',
        connection: 'keep-alive',
        'content-length': '124'
      },
      method: 'POST',
      httpVersion: '1.1',
      originalUrl: '/register',
      query: {}
    },
    res: { statusCode: 400 },
    responseTime: 24
  },
  level: 'warn',
  message: 'POST /register 400 24ms',
  label: 'right meow!',
  timestamp: '2024-11-21 09:46:04'
}
{
  meta: {
    req: {
      url: '/register',
      headers: {
        'content-type': 'application/json',
        authorization: 'Bearer eyJhbGciOiJIUzI1NiIsInR5cCI6IkpXVCJ9.eyJ1c2VyRGF0YSI6eyJfaWQiOiI2NmVlYjM2OWQwOTUzYzgwNTY2N2M5MWYiLCJ1c2VybmFtZSI6Imhvc3NlaW51dXUiLCJyb2xlIjoyLCJzdXNwZW5kIjpmYWxzZSwiZW1haWwiOiJ1c2VyM0BnbWFpbC5jb20iLCJwaWN0dXJlUHJvZmlsZSI6Imh0dHBzOi8vY2RuLnNwaWRlci1jcnlwdG9ib3Quc2l0ZS9wcm9maWxlcy9lMTI4MTZlNmNiMWJlNzlhZWYyNTVkM2YxMGUzZDEwYzFjLnBuZyIsImxlYWRlcnMiOlsiNjZkMDZkYTU0YzZlNTQxMDc4ZDM0ZjFhIiwiNjZmYjA4N2U5YjcxYTJkNzZiYmFjNzY4IiwiNjZjNmUyYzBlMjI2NDNlMTllZDJmZmNkIl19LCJpYXQiOjE3Mjk5NzU1MzMsImV4cCI6MTczMDAxODczM30.bV0Ux96f62YQSyKXgTOtSmdZOy8cm6QO0hHetyW_M9g',
        'user-agent': 'PostmanRuntime/7.42.0',
        accept: '*/*',
        'postman-token': 'c0eec02e-f7ae-4c16-a20c-519635398265',
        host: 'localhost:5000',
        'accept-encoding': 'gzip, deflate, br',
        connection: 'keep-alive',
        'content-length': '124'
      },
      method: 'POST',
      httpVersion: '1.1',
      originalUrl: '/register',
      query: {}
    },
    res: { statusCode: 400 },
    responseTime: 19
  },
  level: 'warn',
  message: 'POST /register 400 19ms',
  label: 'right meow!',
  timestamp: '2024-11-21 09:46:19'
}
{
  meta: {
    req: {
      url: '/register',
      headers: {
        'content-type': 'application/json',
        authorization: 'Bearer eyJhbGciOiJIUzI1NiIsInR5cCI6IkpXVCJ9.eyJ1c2VyRGF0YSI6eyJfaWQiOiI2NmVlYjM2OWQwOTUzYzgwNTY2N2M5MWYiLCJ1c2VybmFtZSI6Imhvc3NlaW51dXUiLCJyb2xlIjoyLCJzdXNwZW5kIjpmYWxzZSwiZW1haWwiOiJ1c2VyM0BnbWFpbC5jb20iLCJwaWN0dXJlUHJvZmlsZSI6Imh0dHBzOi8vY2RuLnNwaWRlci1jcnlwdG9ib3Quc2l0ZS9wcm9maWxlcy9lMTI4MTZlNmNiMWJlNzlhZWYyNTVkM2YxMGUzZDEwYzFjLnBuZyIsImxlYWRlcnMiOlsiNjZkMDZkYTU0YzZlNTQxMDc4ZDM0ZjFhIiwiNjZmYjA4N2U5YjcxYTJkNzZiYmFjNzY4IiwiNjZjNmUyYzBlMjI2NDNlMTllZDJmZmNkIl19LCJpYXQiOjE3Mjk5NzU1MzMsImV4cCI6MTczMDAxODczM30.bV0Ux96f62YQSyKXgTOtSmdZOy8cm6QO0hHetyW_M9g',
        'user-agent': 'PostmanRuntime/7.42.0',
        accept: '*/*',
        'postman-token': '047ca003-6c23-4c97-843d-27a35c12e586',
        host: 'localhost:5000',
        'accept-encoding': 'gzip, deflate, br',
        connection: 'keep-alive',
        'content-length': '124'
      },
      method: 'POST',
      httpVersion: '1.1',
      originalUrl: '/register',
      query: {}
    },
    res: { statusCode: 400 },
    responseTime: 20
  },
  level: 'warn',
  message: 'POST /register 400 20ms',
  label: 'right meow!',
  timestamp: '2024-11-21 09:46:54'
}
{
  meta: {
    req: {
      url: '/register',
      headers: {
        'content-type': 'application/json',
        authorization: 'Bearer eyJhbGciOiJIUzI1NiIsInR5cCI6IkpXVCJ9.eyJ1c2VyRGF0YSI6eyJfaWQiOiI2NmVlYjM2OWQwOTUzYzgwNTY2N2M5MWYiLCJ1c2VybmFtZSI6Imhvc3NlaW51dXUiLCJyb2xlIjoyLCJzdXNwZW5kIjpmYWxzZSwiZW1haWwiOiJ1c2VyM0BnbWFpbC5jb20iLCJwaWN0dXJlUHJvZmlsZSI6Imh0dHBzOi8vY2RuLnNwaWRlci1jcnlwdG9ib3Quc2l0ZS9wcm9maWxlcy9lMTI4MTZlNmNiMWJlNzlhZWYyNTVkM2YxMGUzZDEwYzFjLnBuZyIsImxlYWRlcnMiOlsiNjZkMDZkYTU0YzZlNTQxMDc4ZDM0ZjFhIiwiNjZmYjA4N2U5YjcxYTJkNzZiYmFjNzY4IiwiNjZjNmUyYzBlMjI2NDNlMTllZDJmZmNkIl19LCJpYXQiOjE3Mjk5NzU1MzMsImV4cCI6MTczMDAxODczM30.bV0Ux96f62YQSyKXgTOtSmdZOy8cm6QO0hHetyW_M9g',
        'user-agent': 'PostmanRuntime/7.42.0',
        accept: '*/*',
        'postman-token': '0ffb4d88-6144-4386-ae67-bdc2f2f19a69',
        host: 'localhost:5000',
        'accept-encoding': 'gzip, deflate, br',
        connection: 'keep-alive',
        'content-length': '124'
      },
      method: 'POST',
      httpVersion: '1.1',
      originalUrl: '/register',
      query: {}
    },
    res: { statusCode: 400 },
    responseTime: 29
  },
  level: 'warn',
  message: 'POST /register 400 29ms',
  label: 'right meow!',
  timestamp: '2024-11-21 09:47:19'
}
{
  meta: {
    req: {
      url: '/register',
      headers: {
        'content-type': 'application/json',
        authorization: 'Bearer eyJhbGciOiJIUzI1NiIsInR5cCI6IkpXVCJ9.eyJ1c2VyRGF0YSI6eyJfaWQiOiI2NmVlYjM2OWQwOTUzYzgwNTY2N2M5MWYiLCJ1c2VybmFtZSI6Imhvc3NlaW51dXUiLCJyb2xlIjoyLCJzdXNwZW5kIjpmYWxzZSwiZW1haWwiOiJ1c2VyM0BnbWFpbC5jb20iLCJwaWN0dXJlUHJvZmlsZSI6Imh0dHBzOi8vY2RuLnNwaWRlci1jcnlwdG9ib3Quc2l0ZS9wcm9maWxlcy9lMTI4MTZlNmNiMWJlNzlhZWYyNTVkM2YxMGUzZDEwYzFjLnBuZyIsImxlYWRlcnMiOlsiNjZkMDZkYTU0YzZlNTQxMDc4ZDM0ZjFhIiwiNjZmYjA4N2U5YjcxYTJkNzZiYmFjNzY4IiwiNjZjNmUyYzBlMjI2NDNlMTllZDJmZmNkIl19LCJpYXQiOjE3Mjk5NzU1MzMsImV4cCI6MTczMDAxODczM30.bV0Ux96f62YQSyKXgTOtSmdZOy8cm6QO0hHetyW_M9g',
        'user-agent': 'PostmanRuntime/7.42.0',
        accept: '*/*',
        'postman-token': 'c68f11ed-3b52-4648-8776-40403d82ea31',
        host: 'localhost:5000',
        'accept-encoding': 'gzip, deflate, br',
        connection: 'keep-alive',
        'content-length': '124'
      },
      method: 'POST',
      httpVersion: '1.1',
      originalUrl: '/register',
      query: {}
    },
    res: { statusCode: 400 },
    responseTime: 21
  },
  level: 'warn',
  message: 'POST /register 400 21ms',
  label: 'right meow!',
  timestamp: '2024-11-21 09:47:39'
}
{
  meta: {
    req: {
      url: '/register',
      headers: {
        'content-type': 'application/json',
        'user-agent': 'PostmanRuntime/7.42.0',
        accept: '*/*',
        'postman-token': 'b8ee5410-cb2f-4350-a68c-672b83ae89f4',
        host: 'localhost:5000',
        'accept-encoding': 'gzip, deflate, br',
        connection: 'keep-alive',
        'content-length': '137'
      },
      method: 'POST',
      httpVersion: '1.1',
      originalUrl: '/register',
      query: {}
    },
    res: { statusCode: 200 },
    responseTime: 397
  },
  level: 'info',
  message: 'POST /register 200 397ms',
  label: 'right meow!',
  timestamp: '2024-11-23 11:19:40'
}
{
  meta: {
    req: {
      url: '/register',
      headers: {
        'content-type': 'application/json',
        'user-agent': 'PostmanRuntime/7.42.0',
        accept: '*/*',
        'postman-token': '9bc2fd2b-4fb6-4097-97d7-da712324cf54',
        host: 'localhost:5000',
        'accept-encoding': 'gzip, deflate, br',
        connection: 'keep-alive',
        'content-length': '137'
      },
      method: 'POST',
      httpVersion: '1.1',
      originalUrl: '/register',
      query: {}
    },
    res: { statusCode: 200 },
    responseTime: 369
  },
  level: 'info',
  message: 'POST /register 200 369ms',
  label: 'right meow!',
  timestamp: '2024-11-23 11:20:02'
}
{
  meta: {
    req: {
      url: '/register',
      headers: {
        'content-type': 'application/json',
        'user-agent': 'PostmanRuntime/7.42.0',
        accept: '*/*',
        'postman-token': 'd1828bb2-6a75-4ebb-9ba1-c699ef085f17',
        host: 'localhost:5000',
        'accept-encoding': 'gzip, deflate, br',
        connection: 'keep-alive',
        'content-length': '137'
      },
      method: 'POST',
      httpVersion: '1.1',
      originalUrl: '/register',
      query: {}
    },
    res: { statusCode: 200 },
    responseTime: 451
  },
  level: 'info',
  message: 'POST /register 200 451ms',
  label: 'right meow!',
  timestamp: '2024-11-23 11:23:26'
}
{
  meta: {
    req: {
      url: '/register',
      headers: {
        'content-type': 'application/json',
        'user-agent': 'PostmanRuntime/7.42.0',
        accept: '*/*',
        'postman-token': '03778d7a-be7d-4213-9bad-eaa69c863f0a',
        host: 'localhost:5000',
        'accept-encoding': 'gzip, deflate, br',
        connection: 'keep-alive',
        'content-length': '137'
      },
      method: 'POST',
      httpVersion: '1.1',
      originalUrl: '/register',
      query: {}
    },
    res: { statusCode: 200 },
    responseTime: 454
  },
  level: 'info',
  message: 'POST /register 200 454ms',
  label: 'right meow!',
  timestamp: '2024-11-23 11:24:05'
}
{
  meta: {
    req: {
      url: '/login',
      headers: {
        'content-type': 'application/json',
        'user-agent': 'PostmanRuntime/7.42.0',
        accept: '*/*',
        'postman-token': 'b3e71912-1c22-4ed7-aca2-77ffd32afb70',
        host: 'localhost:5000',
        'accept-encoding': 'gzip, deflate, br',
        connection: 'keep-alive',
        'content-length': '46'
      },
      method: 'POST',
      httpVersion: '1.1',
      originalUrl: '/login',
      query: {}
    },
    res: { statusCode: 404 },
    responseTime: 24
  },
  level: 'warn',
  message: 'POST /login 404 24ms',
  label: 'right meow!',
  timestamp: '2024-11-23 11:35:20'
}
{
  meta: {
    req: {
      url: '/login',
      headers: {
        'content-type': 'application/json',
        'user-agent': 'PostmanRuntime/7.42.0',
        accept: '*/*',
        'postman-token': '4e9bf03d-4d3a-4267-85d6-74c1a951cedc',
        host: 'localhost:5000',
        'accept-encoding': 'gzip, deflate, br',
        connection: 'keep-alive',
        'content-length': '46'
      },
      method: 'POST',
      httpVersion: '1.1',
      originalUrl: '/login',
      query: {}
    },
    res: { statusCode: 200 },
    responseTime: 284
  },
  level: 'info',
  message: 'POST /login 200 284ms',
  label: 'right meow!',
  timestamp: '2024-11-23 11:36:58'
}
{
  meta: {
    req: {
      url: '/login',
      headers: {
        'content-type': 'application/json',
        'user-agent': 'PostmanRuntime/7.42.0',
        accept: '*/*',
        'postman-token': 'bc83907f-7b4c-4d82-9ad3-ee0747468d66',
        host: 'localhost:5000',
        'accept-encoding': 'gzip, deflate, br',
        connection: 'keep-alive',
        'content-length': '46'
      },
      method: 'POST',
      httpVersion: '1.1',
      originalUrl: '/login',
      query: {}
    },
    res: { statusCode: 200 },
    responseTime: 330
  },
  level: 'info',
  message: 'POST /login 200 330ms',
  label: 'right meow!',
  timestamp: '2024-11-23 11:37:24'
}
{
  meta: {
    req: {
      url: '/login',
      headers: {
        'content-type': 'application/json',
        'user-agent': 'PostmanRuntime/7.42.0',
        accept: '*/*',
        'postman-token': '35141268-ae22-40b4-b4e6-dae88af348df',
        host: 'localhost:5000',
        'accept-encoding': 'gzip, deflate, br',
        connection: 'keep-alive',
        'content-length': '46'
      },
      method: 'POST',
      httpVersion: '1.1',
      originalUrl: '/login',
      query: {}
    },
    res: { statusCode: 200 },
    responseTime: 325
  },
  level: 'info',
  message: 'POST /login 200 325ms',
  label: 'right meow!',
  timestamp: '2024-11-23 11:38:34'
}
{
  meta: {
    req: {
      url: '/login',
      headers: {
        'content-type': 'application/json',
        'user-agent': 'PostmanRuntime/7.42.0',
        accept: '*/*',
        'postman-token': 'a39a5580-fabe-4001-825a-5de460c563a5',
        host: 'localhost:5000',
        'accept-encoding': 'gzip, deflate, br',
        connection: 'keep-alive',
        'content-length': '47'
      },
      method: 'POST',
      httpVersion: '1.1',
      originalUrl: '/login',
      query: {}
    },
    res: { statusCode: 403 },
    responseTime: 359
  },
  level: 'warn',
  message: 'POST /login 403 359ms',
  label: 'right meow!',
  timestamp: '2024-11-23 11:42:28'
}
{
  meta: {
    req: {
      url: '/login',
      headers: {
        'content-type': 'application/json',
        'user-agent': 'PostmanRuntime/7.42.0',
        accept: '*/*',
        'postman-token': '557bf61f-a841-478c-bc52-4d37b39c5cbb',
        host: 'localhost:5000',
        'accept-encoding': 'gzip, deflate, br',
        connection: 'keep-alive',
        'content-length': '46'
      },
      method: 'POST',
      httpVersion: '1.1',
      originalUrl: '/login',
      query: {}
    },
    res: { statusCode: 200 },
    responseTime: 297
  },
  level: 'info',
  message: 'POST /login 200 297ms',
  label: 'right meow!',
  timestamp: '2024-11-23 11:42:34'
}
{
  meta: {
    req: {
      url: '/login',
      headers: {
        'content-type': 'application/json',
        'user-agent': 'PostmanRuntime/7.42.0',
        accept: '*/*',
        'postman-token': 'a7f57004-dc4c-4271-8944-5d3fb2647b23',
        host: 'localhost:5000',
        'accept-encoding': 'gzip, deflate, br',
        connection: 'keep-alive',
        'content-length': '46'
      },
      method: 'POST',
      httpVersion: '1.1',
      originalUrl: '/login',
      query: {}
    },
    res: { statusCode: 200 },
    responseTime: 935
  },
  level: 'info',
  message: 'POST /login 200 935ms',
  label: 'right meow!',
  timestamp: '2024-11-23 11:46:05'
}
{
  meta: {
    req: {
      url: '/refresh-token',
      headers: {
        authorization: 'Bearer eyJhbGciOiJIUzI1NiIsInR5cCI6IkpXVCJ9.eyJpZCI6IjY3NDE4YTFjN2ZkOWRmYzhmOWYxYzk2MCIsImVtYWlsIjoidCIsImZ1bGxOYW1lIjoidCIsImNvdW50cnkiOiJ0IiwibGFuZ3VhZ2UiOiJ0IiwiaWF0IjoxNzMyMzQ5NzY1LCJleHAiOjE3MzIzNTMzNjV9.umj170e20S6MX-5Dv1Ti7AtpkkX6sIU2UUpFz0HKmKg',
        'user-agent': 'PostmanRuntime/7.42.0',
        accept: '*/*',
        'postman-token': 'e53fdf07-b7a8-4b3b-83ae-435b3cc7b55a',
        host: 'localhost:5000',
        'accept-encoding': 'gzip, deflate, br',
        connection: 'keep-alive'
      },
      method: 'GET',
      httpVersion: '1.1',
      originalUrl: '/refresh-token',
      query: {}
    },
    res: { statusCode: 400 },
    responseTime: 8
  },
  level: 'warn',
  message: 'GET /refresh-token 400 8ms',
  label: 'right meow!',
  timestamp: '2024-11-23 11:50:27'
}
{
  meta: {
    req: {
      url: '/login',
      headers: {
        'content-type': 'application/json',
        'user-agent': 'PostmanRuntime/7.42.0',
        accept: '*/*',
        'postman-token': '1b4c6230-b915-4220-8428-b7b671543595',
        host: 'localhost:5000',
        'accept-encoding': 'gzip, deflate, br',
        connection: 'keep-alive',
        'content-length': '46'
      },
      method: 'POST',
      httpVersion: '1.1',
      originalUrl: '/login',
      query: {}
    },
    res: { statusCode: 200 },
    responseTime: 347
  },
  level: 'info',
  message: 'POST /login 200 347ms',
  label: 'right meow!',
  timestamp: '2024-11-23 11:55:19'
}
{
  meta: {
    req: {
      url: '/refresh-token',
      headers: {
        'content-type': 'application/json',
        authorization: 'Bearer eyJhbGciOiJIUzI1NiIsInR5cCI6IkpXVCJ9.eyJpZCI6IjY3NDE4YTFjN2ZkOWRmYzhmOWYxYzk2MCIsImVtYWlsIjoidCIsImZ1bGxOYW1lIjoidCIsImNvdW50cnkiOiJ0IiwibGFuZ3VhZ2UiOiJ0IiwiaWF0IjoxNzMyMzQ5NzY1LCJleHAiOjE3MzIzNTMzNjV9.umj170e20S6MX-5Dv1Ti7AtpkkX6sIU2UUpFz0HKmKg',
        'user-agent': 'PostmanRuntime/7.42.0',
        accept: '*/*',
        'postman-token': '3ddf3779-a93b-46f6-b343-f6788efc2cd5',
        host: 'localhost:5000',
        'accept-encoding': 'gzip, deflate, br',
        connection: 'keep-alive',
        'content-length': '173'
      },
      method: 'GET',
      httpVersion: '1.1',
      originalUrl: '/refresh-token',
      query: {}
    },
    res: { statusCode: 200 },
    responseTime: 149
  },
  level: 'info',
  message: 'GET /refresh-token 200 149ms',
  label: 'right meow!',
  timestamp: '2024-11-23 11:57:45'
}
{
  meta: {
    req: {
      url: '/refresh-token',
      headers: {
        'content-type': 'application/json',
        authorization: 'Bearer eyJhbGciOiJIUzI1NiIsInR5cCI6IkpXVCJ9.eyJpZCI6IjY3NDE4YTFjN2ZkOWRmYzhmOWYxYzk2MCIsImVtYWlsIjoidCIsImZ1bGxOYW1lIjoidCIsImNvdW50cnkiOiJ0IiwibGFuZ3VhZ2UiOiJ0IiwiaWF0IjoxNzMyMzQ5NzY1LCJleHAiOjE3MzIzNTMzNjV9.umj170e20S6MX-5Dv1Ti7AtpkkX6sIU2UUpFz0HKmKg',
        'user-agent': 'PostmanRuntime/7.42.0',
        accept: '*/*',
        'postman-token': 'a811b774-e987-4a2f-9a37-84ca31f41c24',
        host: 'localhost:5000',
        'accept-encoding': 'gzip, deflate, br',
        connection: 'keep-alive',
        'content-length': '173'
      },
      method: 'GET',
      httpVersion: '1.1',
      originalUrl: '/refresh-token',
      query: {}
    },
    res: { statusCode: 200 },
    responseTime: 181
  },
  level: 'info',
  message: 'GET /refresh-token 200 181ms',
  label: 'right meow!',
  timestamp: '2024-11-23 11:59:29'
}
{
  meta: {
    req: {
      url: '/refresh-token',
      headers: {
        'content-type': 'application/json',
        authorization: 'Bearer eyJhbGciOiJIUzI1NiIsInR5cCI6IkpXVCJ9.eyJpZCI6IjY3NDE4YTFjN2ZkOWRmYzhmOWYxYzk2MCIsImVtYWlsIjoidCIsImZ1bGxOYW1lIjoidCIsImNvdW50cnkiOiJ0IiwibGFuZ3VhZ2UiOiJ0IiwiaWF0IjoxNzMyMzQ5NzY1LCJleHAiOjE3MzIzNTMzNjV9.umj170e20S6MX-5Dv1Ti7AtpkkX6sIU2UUpFz0HKmKg',
        'user-agent': 'PostmanRuntime/7.42.0',
        accept: '*/*',
        'postman-token': 'ad67d185-fb0f-4f56-9b28-720252667621',
        host: 'localhost:5000',
        'accept-encoding': 'gzip, deflate, br',
        connection: 'keep-alive',
        'content-length': '173'
      },
      method: 'GET',
      httpVersion: '1.1',
      originalUrl: '/refresh-token',
      query: {}
    },
    res: { statusCode: 200 },
    responseTime: 152
  },
  level: 'info',
  message: 'GET /refresh-token 200 152ms',
  label: 'right meow!',
  timestamp: '2024-11-23 12:03:43'
}
{
  meta: {
    req: {
      url: '/refresh-token',
      headers: {
        'content-type': 'application/json',
        authorization: 'Bearer eyJhbGciOiJIUzI1NiIsInR5cCI6IkpXVCJ9.eyJpZCI6IjY3NDE4YTFjN2ZkOWRmYzhmOWYxYzk2MCIsImVtYWlsIjoidCIsImZ1bGxOYW1lIjoidCIsImNvdW50cnkiOiJ0IiwibGFuZ3VhZ2UiOiJ0IiwiaWF0IjoxNzMyMzQ5NzY1LCJleHAiOjE3MzIzNTMzNjV9.umj170e20S6MX-5Dv1Ti7AtpkkX6sIU2UUpFz0HKmKg',
        'user-agent': 'PostmanRuntime/7.42.0',
        accept: '*/*',
        'postman-token': '8693a7c3-7ab3-4d0a-b222-eeb9c691d269',
        host: 'localhost:5000',
        'accept-encoding': 'gzip, deflate, br',
        connection: 'keep-alive',
        'content-length': '173'
      },
      method: 'GET',
      httpVersion: '1.1',
      originalUrl: '/refresh-token',
      query: {}
    },
    res: { statusCode: 200 },
    responseTime: 165
  },
  level: 'info',
  message: 'GET /refresh-token 200 165ms',
  label: 'right meow!',
  timestamp: '2024-11-23 12:04:19'
}
{
  meta: {
    req: {
      url: '/refresh-token',
      headers: {
        'content-type': 'application/json',
        authorization: 'Bearer eyJhbGciOiJIUzI1NiIsInR5cCI6IkpXVCJ9.eyJpZCI6IjY3NDE4YTFjN2ZkOWRmYzhmOWYxYzk2MCIsImVtYWlsIjoidCIsImZ1bGxOYW1lIjoidCIsImNvdW50cnkiOiJ0IiwibGFuZ3VhZ2UiOiJ0IiwiaWF0IjoxNzMyMzQ5NzY1LCJleHAiOjE3MzIzNTMzNjV9.umj170e20S6MX-5Dv1Ti7AtpkkX6sIU2UUpFz0HKmKg',
        'user-agent': 'PostmanRuntime/7.42.0',
        accept: '*/*',
        'postman-token': '2c981e91-4e47-47a4-afad-3d91c57b756d',
        host: 'localhost:5000',
        'accept-encoding': 'gzip, deflate, br',
        connection: 'keep-alive',
        'content-length': '173'
      },
      method: 'GET',
      httpVersion: '1.1',
      originalUrl: '/refresh-token',
      query: {}
    },
    res: { statusCode: 401 },
    responseTime: 33
  },
  level: 'warn',
  message: 'GET /refresh-token 401 33ms',
  label: 'right meow!',
  timestamp: '2024-11-23 12:04:37'
}
{
  meta: {
    req: {
      url: '/login',
      headers: {
        'content-type': 'application/json',
        'user-agent': 'PostmanRuntime/7.42.0',
        accept: '*/*',
        'postman-token': 'b97ff4b4-08e4-4cc4-a661-296c1a346a67',
        host: 'localhost:5000',
        'accept-encoding': 'gzip, deflate, br',
        connection: 'keep-alive',
        'content-length': '46'
      },
      method: 'POST',
      httpVersion: '1.1',
      originalUrl: '/login',
      query: {}
    },
    res: { statusCode: 200 },
    responseTime: 337
  },
  level: 'info',
  message: 'POST /login 200 337ms',
  label: 'right meow!',
  timestamp: '2024-11-23 12:04:54'
}
{
  meta: {
    req: {
      url: '/refresh-token',
      headers: {
        'content-type': 'application/json',
        authorization: 'Bearer eyJhbGciOiJIUzI1NiIsInR5cCI6IkpXVCJ9.eyJpZCI6IjY3NDE4YTFjN2ZkOWRmYzhmOWYxYzk2MCIsImVtYWlsIjoidCIsImZ1bGxOYW1lIjoidCIsImNvdW50cnkiOiJ0IiwibGFuZ3VhZ2UiOiJ0IiwiaWF0IjoxNzMyMzQ5NzY1LCJleHAiOjE3MzIzNTMzNjV9.umj170e20S6MX-5Dv1Ti7AtpkkX6sIU2UUpFz0HKmKg',
        'user-agent': 'PostmanRuntime/7.42.0',
        accept: '*/*',
        'postman-token': '45ebb849-9236-432d-a757-56c76f16aca8',
        host: 'localhost:5000',
        'accept-encoding': 'gzip, deflate, br',
        connection: 'keep-alive',
        'content-length': '173'
      },
      method: 'GET',
      httpVersion: '1.1',
      originalUrl: '/refresh-token',
      query: {}
    },
    res: { statusCode: 200 },
    responseTime: 123
  },
  level: 'info',
  message: 'GET /refresh-token 200 123ms',
  label: 'right meow!',
  timestamp: '2024-11-23 12:05:04'
}
{
  meta: {
    req: {
      url: '/refresh-token',
      headers: {
        'content-type': 'application/json',
        authorization: 'Bearer eyJhbGciOiJIUzI1NiIsInR5cCI6IkpXVCJ9.eyJpZCI6IjY3NDE4YTFjN2ZkOWRmYzhmOWYxYzk2MCIsImVtYWlsIjoidCIsImZ1bGxOYW1lIjoidCIsImNvdW50cnkiOiJ0IiwibGFuZ3VhZ2UiOiJ0IiwiaWF0IjoxNzMyMzQ5NzY1LCJleHAiOjE3MzIzNTMzNjV9.umj170e20S6MX-5Dv1Ti7AtpkkX6sIU2UUpFz0HKmKg',
        'user-agent': 'PostmanRuntime/7.42.0',
        accept: '*/*',
        'postman-token': '8faa98d2-6ee6-46f7-bce3-745ef85f5a54',
        host: 'localhost:5000',
        'accept-encoding': 'gzip, deflate, br',
        connection: 'keep-alive',
        'content-length': '173'
      },
      method: 'GET',
      httpVersion: '1.1',
      originalUrl: '/refresh-token',
      query: {}
    },
    res: { statusCode: 200 },
    responseTime: 153
  },
  level: 'info',
  message: 'GET /refresh-token 200 153ms',
  label: 'right meow!',
  timestamp: '2024-11-23 12:06:10'
}
{
  meta: {
    req: {
      url: '/check-token',
      headers: {
        'user-agent': 'PostmanRuntime/7.42.0',
        accept: '*/*',
        'postman-token': 'c0dc6c35-cbb4-427d-9c74-1e8cfedc4489',
        host: 'localhost:5000',
        'accept-encoding': 'gzip, deflate, br',
        connection: 'keep-alive'
      },
      method: 'GET',
      httpVersion: '1.1',
      originalUrl: '/check-token',
      query: {}
    },
    res: { statusCode: 401 },
    responseTime: 1
  },
  level: 'warn',
  message: 'GET /check-token 401 1ms',
  label: 'right meow!',
  timestamp: '2024-11-23 12:07:16'
}
{
  meta: {
    req: {
      url: '/check-token',
      headers: {
        authorization: 'Bearer eyJhbGciOiJIUzI1NiIsInR5cCI6IkpXVCJ9.eyJpZCI6IjY3NDE4YTFjN2ZkOWRmYzhmOWYxYzk2MCIsImVtYWlsIjoidCIsImZ1bGxOYW1lIjoidCIsImNvdW50cnkiOiJ0IiwibGFuZ3VhZ2UiOiJ0IiwiaWF0IjoxNzMyMzUwOTcwLCJleHAiOjE3MzIzNTQ1NzB9.nB61W9j2jK7TDed2W8xRUc6im7aDCgKQh9p98WMLdhc',
        'user-agent': 'PostmanRuntime/7.42.0',
        accept: '*/*',
        'postman-token': '34743555-f8f6-4cae-9d35-c1fa37ca3342',
        host: 'localhost:5000',
        'accept-encoding': 'gzip, deflate, br',
        connection: 'keep-alive'
      },
      method: 'GET',
      httpVersion: '1.1',
      originalUrl: '/check-token',
      query: {}
    },
    res: { statusCode: 401 },
    responseTime: 2
  },
  level: 'warn',
  message: 'GET /check-token 401 2ms',
  label: 'right meow!',
  timestamp: '2024-11-23 12:07:37'
}
{
  meta: {
    req: {
      url: '/check-token',
      headers: {
        authorization: 'Bearer eyJhbGciOiJIUzI1NiIsInR5cCI6IkpXVCJ9.eyJpZCI6IjY3NDE4YTFjN2ZkOWRmYzhmOWYxYzk2MCIsImVtYWlsIjoidCIsImZ1bGxOYW1lIjoidCIsImNvdW50cnkiOiJ0IiwibGFuZ3VhZ2UiOiJ0IiwiaWF0IjoxNzMyMzUwOTcwLCJleHAiOjE3MzIzNTQ1NzB9.nB61W9j2jK7TDed2W8xRUc6im7aDCgKQh9p98WMLdhc',
        'user-agent': 'PostmanRuntime/7.42.0',
        accept: '*/*',
        'postman-token': '967a9173-0b1c-4ab8-bd85-88bba670af62',
        host: 'localhost:5000',
        'accept-encoding': 'gzip, deflate, br',
        connection: 'keep-alive'
      },
      method: 'GET',
      httpVersion: '1.1',
      originalUrl: '/check-token',
      query: {}
    },
    res: { statusCode: 401 },
    responseTime: 4
  },
  level: 'warn',
  message: 'GET /check-token 401 4ms',
  label: 'right meow!',
  timestamp: '2024-11-23 12:08:23'
}
{
  meta: {
    req: {
      url: '/check-token',
      headers: {
        authorization: 'Bearer eyJhbGciOiJIUzI1NiIsInR5cCI6IkpXVCJ9.eyJpZCI6IjY3NDE4YTFjN2ZkOWRmYzhmOWYxYzk2MCIsImVtYWlsIjoidCIsImZ1bGxOYW1lIjoidCIsImNvdW50cnkiOiJ0IiwibGFuZ3VhZ2UiOiJ0IiwiaWF0IjoxNzMyMzUwOTcwLCJleHAiOjE3MzIzNTQ1NzB9.nB61W9j2jK7TDed2W8xRUc6im7aDCgKQh9p98WMLdhc',
        'user-agent': 'PostmanRuntime/7.42.0',
        accept: '*/*',
        'postman-token': '25f21ae0-d15e-4bb6-ac8c-4f4e4b856737',
        host: 'localhost:5000',
        'accept-encoding': 'gzip, deflate, br',
        connection: 'keep-alive'
      },
      method: 'GET',
      httpVersion: '1.1',
      originalUrl: '/check-token',
      query: {}
    },
    res: { statusCode: 500 },
    responseTime: 127
  },
  level: 'error',
  message: 'GET /check-token 500 127ms',
  label: 'right meow!',
  timestamp: '2024-11-23 12:11:13'
}
{
  meta: {
    req: {
      url: '/check-token',
      headers: {
        authorization: 'Bearer eyJhbGciOiJIUzI1NiIsInR5cCI6IkpXVCJ9.eyJpZCI6IjY3NDE4YTFjN2ZkOWRmYzhmOWYxYzk2MCIsImVtYWlsIjoidCIsImZ1bGxOYW1lIjoidCIsImNvdW50cnkiOiJ0IiwibGFuZ3VhZ2UiOiJ0IiwiaWF0IjoxNzMyMzUwOTcwLCJleHAiOjE3MzIzNTQ1NzB9.nB61W9j2jK7TDed2W8xRUc6im7aDCgKQh9p98WMLdhc',
        'user-agent': 'PostmanRuntime/7.42.0',
        accept: '*/*',
        'postman-token': '8d2c7095-2911-4b66-8773-6810ec98ebcc',
        host: 'localhost:5000',
        'accept-encoding': 'gzip, deflate, br',
        connection: 'keep-alive'
      },
      method: 'GET',
      httpVersion: '1.1',
      originalUrl: '/check-token',
      query: {}
    },
    res: { statusCode: 500 },
    responseTime: 147
  },
  level: 'error',
  message: 'GET /check-token 500 147ms',
  label: 'right meow!',
  timestamp: '2024-11-23 12:12:10'
}
{
  meta: {
    req: {
      url: '/check-token',
      headers: {
        authorization: 'Bearer eyJhbGciOiJIUzI1NiIsInR5cCI6IkpXVCJ9.eyJpZCI6IjY3NDE4YTFjN2ZkOWRmYzhmOWYxYzk2MCIsImVtYWlsIjoidCIsImZ1bGxOYW1lIjoidCIsImNvdW50cnkiOiJ0IiwibGFuZ3VhZ2UiOiJ0IiwiaWF0IjoxNzMyMzUwOTcwLCJleHAiOjE3MzIzNTQ1NzB9.nB61W9j2jK7TDed2W8xRUc6im7aDCgKQh9p98WMLdhc',
        'user-agent': 'PostmanRuntime/7.42.0',
        accept: '*/*',
        'postman-token': 'c9db5881-edf8-48ed-b98e-3dc1ac81cc1a',
        host: 'localhost:5000',
        'accept-encoding': 'gzip, deflate, br',
        connection: 'keep-alive'
      },
      method: 'GET',
      httpVersion: '1.1',
      originalUrl: '/check-token',
      query: {}
    },
    res: { statusCode: 200 },
    responseTime: 126
  },
  level: 'info',
  message: 'GET /check-token 200 126ms',
  label: 'right meow!',
  timestamp: '2024-11-23 12:12:45'
}
{
  meta: {
    req: {
      url: '/check-token',
      headers: {
        authorization: 'Bearer eyJhbGciOiJIUzI1NiIsInR5cCI6IkpXVCJ9.eyJpZCI6IjY3NDE4YTFjN2ZkOWRmYzhmOWYxYzk2MCIsImVtYWlsIjoidCIsImZ1bGxOYW1lIjoidCIsImNvdW50cnkiOiJ0IiwibGFuZ3VhZ2UiOiJ0IiwiaWF0IjoxNzMyMzUwOTcwLCJleHAiOjE3MzIzNTQ1NzB9.nB61W9j2jK7TDed2W8xRUc6im7aDCgKQh9p98WMLdhc',
        'user-agent': 'PostmanRuntime/7.42.0',
        accept: '*/*',
        'postman-token': '0b0a738b-f3f4-4f94-adfb-8fc0e2a047d8',
        host: 'localhost:5000',
        'accept-encoding': 'gzip, deflate, br',
        connection: 'keep-alive'
      },
      method: 'GET',
      httpVersion: '1.1',
      originalUrl: '/check-token',
      query: {}
    },
    res: { statusCode: 200 },
    responseTime: 129
  },
  level: 'info',
  message: 'GET /check-token 200 129ms',
  label: 'right meow!',
  timestamp: '2024-11-23 12:13:27'
}
{
  meta: {
    req: {
      url: '/forget-password',
      headers: {
        'content-type': 'application/json',
        'user-agent': 'PostmanRuntime/7.42.0',
        accept: '*/*',
        'postman-token': '2ad20752-cfc8-4dc7-bf03-9d8e856b1922',
        host: 'localhost:5000',
        'accept-encoding': 'gzip, deflate, br',
        connection: 'keep-alive',
        'content-length': '45'
      },
      method: 'GET',
      httpVersion: '1.1',
      originalUrl: '/forget-password',
      query: {}
    },
    res: { statusCode: 200 },
    responseTime: 3138
  },
  level: 'info',
  message: 'GET /forget-password 200 3138ms',
  label: 'right meow!',
  timestamp: '2024-11-23 12:15:56'
}
{
  meta: {
    req: {
      url: '/forget-password',
      headers: {
        'content-type': 'application/json',
        'user-agent': 'PostmanRuntime/7.42.0',
        accept: '*/*',
        'postman-token': 'dbc9805b-aa05-486e-928e-507dd40dd196',
        host: 'localhost:5000',
        'accept-encoding': 'gzip, deflate, br',
        connection: 'keep-alive',
        'content-length': '45'
      },
      method: 'GET',
      httpVersion: '1.1',
      originalUrl: '/forget-password',
      query: {}
    },
    res: { statusCode: 200 },
    responseTime: 2887
  },
  level: 'info',
  message: 'GET /forget-password 200 2887ms',
  label: 'right meow!',
  timestamp: '2024-11-23 12:20:34'
}
{
  meta: {
    req: {
      url: '/forget-password',
      headers: {
        'content-type': 'application/json',
        'user-agent': 'PostmanRuntime/7.42.0',
        accept: '*/*',
        'postman-token': 'c9432398-04ba-4d29-aaf1-5ebee0afb988',
        host: 'localhost:5000',
        'accept-encoding': 'gzip, deflate, br',
        connection: 'keep-alive',
        'content-length': '45'
      },
      method: 'GET',
      httpVersion: '1.1',
      originalUrl: '/forget-password',
      query: {}
    },
    res: { statusCode: 200 },
    responseTime: 2123
  },
  level: 'info',
  message: 'GET /forget-password 200 2123ms',
  label: 'right meow!',
  timestamp: '2024-11-23 12:21:27'
}
{
  meta: {
    req: {
      url: '/forget-password',
      headers: {
        'content-type': 'application/json',
        'user-agent': 'PostmanRuntime/7.42.0',
        accept: '*/*',
        'postman-token': '4636aac0-5f6f-4482-8264-9dc8930704b0',
        host: 'localhost:5000',
        'accept-encoding': 'gzip, deflate, br',
        connection: 'keep-alive',
        'content-length': '45'
      },
      method: 'GET',
      httpVersion: '1.1',
      originalUrl: '/forget-password',
      query: {}
    },
    res: { statusCode: 200 },
    responseTime: 3246
  },
  level: 'info',
  message: 'GET /forget-password 200 3246ms',
  label: 'right meow!',
  timestamp: '2024-11-23 12:22:17'
}
{
  meta: {
    req: {
      url: '/forget-password',
      headers: {
        'content-type': 'application/json',
        'user-agent': 'PostmanRuntime/7.42.0',
        accept: '*/*',
        'postman-token': '739e5749-d4d8-4af5-9c26-56f70c71673f',
        host: 'localhost:5000',
        'accept-encoding': 'gzip, deflate, br',
        connection: 'keep-alive',
        'content-length': '23'
      },
      method: 'GET',
      httpVersion: '1.1',
      originalUrl: '/forget-password',
      query: {}
    },
    res: { statusCode: 200 },
    responseTime: 996
  },
  level: 'info',
  message: 'GET /forget-password 200 996ms',
  label: 'right meow!',
  timestamp: '2024-11-23 12:25:47'
}
{
  meta: {
    req: {
      url: '/check-code/t/3699',
      headers: {
        'user-agent': 'PostmanRuntime/7.42.0',
        accept: '*/*',
        'postman-token': '41e22cfe-3609-44b9-b13b-e7c0bfa9be51',
        host: 'localhost:5000',
        'accept-encoding': 'gzip, deflate, br',
        connection: 'keep-alive'
      },
      method: 'GET',
      httpVersion: '1.1',
      originalUrl: '/check-code/t/3699',
      query: {}
    },
    res: { statusCode: 404 },
    responseTime: 60
  },
  level: 'warn',
  message: 'GET /check-code/t/3699 404 60ms',
  label: 'right meow!',
  timestamp: '2024-11-23 13:46:46'
}
{
  meta: {
    req: {
      url: '/check-code/t/3699',
      headers: {
        'user-agent': 'PostmanRuntime/7.42.0',
        accept: '*/*',
        'postman-token': 'f61fd696-2abb-4265-9560-ad076836f70e',
        host: 'localhost:5000',
        'accept-encoding': 'gzip, deflate, br',
        connection: 'keep-alive',
        'content-length': '0'
      },
      method: 'PUT',
      httpVersion: '1.1',
      originalUrl: '/check-code/t/3699',
      query: {}
    },
    res: { statusCode: 200 },
    responseTime: 212
  },
  level: 'info',
  message: 'PUT /check-code/t/3699 200 212ms',
  label: 'right meow!',
  timestamp: '2024-11-23 13:46:50'
}
{
  meta: {
    req: {
      url: '/reset-password',
      headers: {
        'content-type': 'application/json',
        authorization: 'Bearer eyJhbGciOiJIUzI1NiIsInR5cCI6IkpXVCJ9.eyJpZCI6IjY3NDE4YTFjN2ZkOWRmYzhmOWYxYzk2MCIsImVtYWlsIjoidCIsImZ1bGxOYW1lIjoidCIsImNvdW50cnkiOiJ0IiwibGFuZ3VhZ2UiOiJ0IiwiaWF0IjoxNzMyMzU3MDEwLCJleHAiOjE3MzIzNjA2MTB9.a3sX90tTl4VD8xY8mhZZ2J6Y1Lq8aVIm3Ftj4mEB8fo',
        'user-agent': 'PostmanRuntime/7.42.0',
        accept: '*/*',
        'postman-token': '98d2ffb2-98b2-4201-9536-b8f802af65c4',
        host: 'localhost:5000',
        'accept-encoding': 'gzip, deflate, br',
        connection: 'keep-alive',
        'content-length': '27'
      },
      method: 'PUT',
      httpVersion: '1.1',
      originalUrl: '/reset-password',
      query: {}
    },
    res: { statusCode: 200 },
    responseTime: 396
  },
  level: 'info',
  message: 'PUT /reset-password 200 396ms',
  label: 'right meow!',
  timestamp: '2024-11-23 13:48:44'
}
{
  meta: {
    req: {
      url: '/forget-password',
      headers: {
        'content-type': 'application/json',
        'user-agent': 'PostmanRuntime/7.42.0',
        accept: '*/*',
        'postman-token': '78a1b85e-aa47-4405-8d0e-eed157678052',
        host: 'localhost:5000',
        'accept-encoding': 'gzip, deflate, br',
        connection: 'keep-alive',
        'content-length': '23'
      },
      method: 'GET',
      httpVersion: '1.1',
      originalUrl: '/forget-password',
      query: {}
    },
    res: { statusCode: 200 },
    responseTime: 1142
  },
  level: 'info',
  message: 'GET /forget-password 200 1142ms',
  label: 'right meow!',
  timestamp: '2024-11-23 13:51:22'
}
{
  meta: {
    req: {
      url: '/forget-password',
      headers: {
        'content-type': 'application/json',
        'user-agent': 'PostmanRuntime/7.42.0',
        accept: '*/*',
        'postman-token': 'd820175a-26fa-41ab-828f-75b1a41c3eb8',
        host: 'localhost:5000',
        'accept-encoding': 'gzip, deflate, br',
        connection: 'keep-alive',
        'content-length': '23'
      },
      method: 'GET',
      httpVersion: '1.1',
      originalUrl: '/forget-password',
      query: {}
    },
    res: { statusCode: 200 },
    responseTime: 1077
  },
  level: 'info',
  message: 'GET /forget-password 200 1077ms',
  label: 'right meow!',
  timestamp: '2024-11-23 13:52:19'
}
{
  meta: {
    req: {
      url: '/register',
      headers: {
        'content-type': 'application/json',
        'user-agent': 'PostmanRuntime/7.42.0',
        accept: '*/*',
        'postman-token': '7822c246-6b66-4fcf-8105-614495d89d64',
        host: 'localhost:5000',
        'accept-encoding': 'gzip, deflate, br',
        connection: 'keep-alive',
        'content-length': '137'
      },
      method: 'POST',
      httpVersion: '1.1',
      originalUrl: '/register',
      query: {}
    },
    res: { statusCode: 200 },
    responseTime: 476
  },
  level: 'info',
  message: 'POST /register 200 476ms',
  label: 'right meow!',
  timestamp: '2024-11-23 14:01:47'
}
{
  meta: {
    req: {
      url: '/login',
      headers: {
        'content-type': 'application/json',
        'user-agent': 'PostmanRuntime/7.42.0',
        accept: '*/*',
        'postman-token': '43d8163c-11b0-4e5b-8191-43aff4edafcf',
        host: 'localhost:5000',
        'accept-encoding': 'gzip, deflate, br',
        connection: 'keep-alive',
        'content-length': '46'
      },
      method: 'POST',
      httpVersion: '1.1',
      originalUrl: '/login',
      query: {}
    },
    res: { statusCode: 200 },
    responseTime: 281
  },
  level: 'info',
  message: 'POST /login 200 281ms',
  label: 'right meow!',
  timestamp: '2024-11-23 14:02:02'
}
{
  meta: {
    req: {
      url: '/forget-password',
      headers: {
        'content-type': 'application/json',
        'user-agent': 'PostmanRuntime/7.42.0',
        accept: '*/*',
        'postman-token': 'c7565dd4-34d2-4c23-87e9-4a55c7e5e617',
        host: 'localhost:5000',
        'accept-encoding': 'gzip, deflate, br',
        connection: 'keep-alive',
        'content-length': '23'
      },
      method: 'GET',
      httpVersion: '1.1',
      originalUrl: '/forget-password',
      query: {}
    },
    res: { statusCode: 200 },
    responseTime: 1012
  },
  level: 'info',
  message: 'GET /forget-password 200 1012ms',
  label: 'right meow!',
  timestamp: '2024-11-23 14:02:20'
}
{
  meta: {
    req: {
      url: '/get-user',
      headers: {
        authorization: 'Bearer eyJhbGciOiJIUzI1NiIsInR5cCI6IkpXVCJ9.eyJpZCI6IjY3NDE4YTFjN2ZkOWRmYzhmOWYxYzk2MCIsImVtYWlsIjoidCIsImZ1bGxOYW1lIjoidCIsImNvdW50cnkiOiJ0IiwibGFuZ3VhZ2UiOiJ0IiwiaWF0IjoxNzMyMzU3MDEwLCJleHAiOjE3MzIzNjA2MTB9.a3sX90tTl4VD8xY8mhZZ2J6Y1Lq8aVIm3Ftj4mEB8fo',
        'user-agent': 'PostmanRuntime/7.42.0',
        accept: '*/*',
        'postman-token': '18620a7a-f9c5-44af-939d-c887d6f1cd30',
        host: 'localhost:5000',
        'accept-encoding': 'gzip, deflate, br',
        connection: 'keep-alive'
      },
      method: 'GET',
      httpVersion: '1.1',
      originalUrl: '/get-user',
      query: {}
    },
    res: { statusCode: 200 },
    responseTime: 126
  },
  level: 'info',
  message: 'GET /get-user 200 126ms',
  label: 'right meow!',
  timestamp: '2024-11-23 14:03:56'
}
{
  meta: {
    req: {
      url: '/get-user',
      headers: {
        authorization: 'Bearer eyJhbGciOiJIUzI1NiIsInR5cCI6IkpXVCJ9.eyJpZCI6IjY3NDFhZjEyMzEyODlkMjJmMjMwMDI3NyIsImVtYWlsIjoidCIsImZ1bGxOYW1lIjoidCIsImNvdW50cnkiOiJ0IiwibGFuZ3VhZ2UiOiJ0IiwiaWF0IjoxNzMyMzU3OTIyLCJleHAiOjE3MzIzNjE1MjJ9.0Y0Y0RGYfjF4G46mtO-2GOo2uoOztac8Wlvlh1_gIwc',
        'user-agent': 'PostmanRuntime/7.42.0',
        accept: '*/*',
        'postman-token': '9bc85302-dd7f-4b27-91ee-90c22747726d',
        host: 'localhost:5000',
        'accept-encoding': 'gzip, deflate, br',
        connection: 'keep-alive'
      },
      method: 'GET',
      httpVersion: '1.1',
      originalUrl: '/get-user',
      query: {}
    },
    res: { statusCode: 200 },
    responseTime: 120
  },
  level: 'info',
  message: 'GET /get-user 200 120ms',
  label: 'right meow!',
  timestamp: '2024-11-23 14:04:19'
}
{
  meta: {
    req: {
      url: '/get-user',
      headers: {
        authorization: 'Bearer eyJhbGciOiJIUzI1NiIsInR5cCI6IkpXVCJ9.eyJpZCI6IjY3NDFhZjEyMzEyODlkMjJmMjMwMDI3NyIsImVtYWlsIjoidCIsImZ1bGxOYW1lIjoidCIsImNvdW50cnkiOiJ0IiwibGFuZ3VhZ2UiOiJ0IiwiaWF0IjoxNzMyMzU3OTIyLCJleHAiOjE3MzIzNjE1MjJ9.0Y0Y0RGYfjF4G46mtO-2GOo2uoOztac8Wlvlh1_gIwc',
        'user-agent': 'PostmanRuntime/7.42.0',
        accept: '*/*',
        'postman-token': '47b7c3cb-0455-4c0a-85c9-1217c8be8edc',
        host: 'localhost:5000',
        'accept-encoding': 'gzip, deflate, br',
        connection: 'keep-alive'
      },
      method: 'GET',
      httpVersion: '1.1',
      originalUrl: '/get-user',
      query: {}
    },
    res: { statusCode: 200 },
    responseTime: 135
  },
  level: 'info',
  message: 'GET /get-user 200 135ms',
  label: 'right meow!',
  timestamp: '2024-11-23 14:04:46'
}
{
  meta: {
    req: {
      url: '/get-user-point',
      headers: {
        authorization: 'Bearer eyJhbGciOiJIUzI1NiIsInR5cCI6IkpXVCJ9.eyJpZCI6IjY3NDFhZjEyMzEyODlkMjJmMjMwMDI3NyIsImVtYWlsIjoidCIsImZ1bGxOYW1lIjoidCIsImNvdW50cnkiOiJ0IiwibGFuZ3VhZ2UiOiJ0IiwiaWF0IjoxNzMyMzU3OTIyLCJleHAiOjE3MzIzNjE1MjJ9.0Y0Y0RGYfjF4G46mtO-2GOo2uoOztac8Wlvlh1_gIwc',
        'user-agent': 'PostmanRuntime/7.42.0',
        accept: '*/*',
        'postman-token': '6a4d5eb0-a54f-4914-a117-ab010c151805',
        host: 'localhost:5000',
        'accept-encoding': 'gzip, deflate, br',
        connection: 'keep-alive'
      },
      method: 'GET',
      httpVersion: '1.1',
      originalUrl: '/get-user-point',
      query: {}
    },
    res: { statusCode: 200 },
    responseTime: 270
  },
  level: 'info',
  message: 'GET /get-user-point 200 270ms',
  label: 'right meow!',
  timestamp: '2024-11-23 14:05:15'
}
{
  meta: {
    req: {
      url: '/get-user-point',
      headers: {
        authorization: 'Bearer eyJhbGciOiJIUzI1NiIsInR5cCI6IkpXVCJ9.eyJpZCI6IjY3NDFhZjEyMzEyODlkMjJmMjMwMDI3NyIsImVtYWlsIjoidCIsImZ1bGxOYW1lIjoidCIsImNvdW50cnkiOiJ0IiwibGFuZ3VhZ2UiOiJ0IiwiaWF0IjoxNzMyMzU3OTIyLCJleHAiOjE3MzIzNjE1MjJ9.0Y0Y0RGYfjF4G46mtO-2GOo2uoOztac8Wlvlh1_gIwc',
        'user-agent': 'PostmanRuntime/7.42.0',
        accept: '*/*',
        'postman-token': '0fa8e15b-d2f2-4e38-8c08-37dd1e77ba4b',
        host: 'localhost:5000',
        'accept-encoding': 'gzip, deflate, br',
        connection: 'keep-alive'
      },
      method: 'GET',
      httpVersion: '1.1',
      originalUrl: '/get-user-point',
      query: {}
    },
    res: { statusCode: 200 },
    responseTime: 1257
  },
  level: 'info',
  message: 'GET /get-user-point 200 1257ms',
  label: 'right meow!',
  timestamp: '2024-11-23 14:06:25'
}
{
  meta: {
    req: {
      url: '/get-user',
      headers: {
        authorization: 'Bearer eyJhbGciOiJIUzI1NiIsInR5cCI6IkpXVCJ9.eyJpZCI6IjY3NDFhZjEyMzEyODlkMjJmMjMwMDI3NyIsImVtYWlsIjoidCIsImZ1bGxOYW1lIjoidCIsImNvdW50cnkiOiJ0IiwibGFuZ3VhZ2UiOiJ0IiwiaWF0IjoxNzMyMzU3OTIyLCJleHAiOjE3MzIzNjE1MjJ9.0Y0Y0RGYfjF4G46mtO-2GOo2uoOztac8Wlvlh1_gIwc',
        'user-agent': 'PostmanRuntime/7.42.0',
        accept: '*/*',
        'postman-token': 'db0746cf-ab87-4330-b9fc-d468ca47152e',
        host: 'localhost:5000',
        'accept-encoding': 'gzip, deflate, br',
        connection: 'keep-alive'
      },
      method: 'GET',
      httpVersion: '1.1',
      originalUrl: '/get-user',
      query: {}
    },
    res: { statusCode: 200 },
    responseTime: 138
  },
  level: 'info',
  message: 'GET /get-user 200 138ms',
  label: 'right meow!',
  timestamp: '2024-11-23 14:07:38'
}
{
  meta: {
    req: {
      url: '/get-user',
      headers: {
        authorization: 'Bearer eyJhbGciOiJIUzI1NiIsInR5cCI6IkpXVCJ9.eyJpZCI6IjY3NDFhZjEyMzEyODlkMjJmMjMwMDI3NyIsImVtYWlsIjoidCIsImZ1bGxOYW1lIjoidCIsImNvdW50cnkiOiJ0IiwibGFuZ3VhZ2UiOiJ0IiwiaWF0IjoxNzMyMzU3OTIyLCJleHAiOjE3MzIzNjE1MjJ9.0Y0Y0RGYfjF4G46mtO-2GOo2uoOztac8Wlvlh1_gIwc',
        'user-agent': 'PostmanRuntime/7.42.0',
        accept: '*/*',
        'postman-token': '017ad751-a32c-454a-bb09-d81673ea574c',
        host: 'localhost:5000',
        'accept-encoding': 'gzip, deflate, br',
        connection: 'keep-alive'
      },
      method: 'GET',
      httpVersion: '1.1',
      originalUrl: '/get-user',
      query: {}
    },
    res: { statusCode: 200 },
    responseTime: 115
  },
  level: 'info',
  message: 'GET /get-user 200 115ms',
  label: 'right meow!',
  timestamp: '2024-11-23 14:07:53'
}
{
  meta: {
    req: {
      url: '/get-user',
      headers: {
        authorization: 'Bearer eyJhbGciOiJIUzI1NiIsInR5cCI6IkpXVCJ9.eyJpZCI6IjY3NDFhZjEyMzEyODlkMjJmMjMwMDI3NyIsImVtYWlsIjoidCIsImZ1bGxOYW1lIjoidCIsImNvdW50cnkiOiJ0IiwibGFuZ3VhZ2UiOiJ0IiwiaWF0IjoxNzMyMzU3OTIyLCJleHAiOjE3MzIzNjE1MjJ9.0Y0Y0RGYfjF4G46mtO-2GOo2uoOztac8Wlvlh1_gIwc',
        'user-agent': 'PostmanRuntime/7.42.0',
        accept: '*/*',
        'postman-token': '548bd242-d50f-4aa6-bc6e-c3501455a1d9',
        host: 'localhost:5000',
        'accept-encoding': 'gzip, deflate, br',
        connection: 'keep-alive'
      },
      method: 'GET',
      httpVersion: '1.1',
      originalUrl: '/get-user',
      query: {}
    },
    res: { statusCode: 200 },
    responseTime: 130
  },
  level: 'info',
  message: 'GET /get-user 200 130ms',
  label: 'right meow!',
  timestamp: '2024-11-23 14:08:00'
}
{
  meta: {
    req: {
      url: '/get-user',
      headers: {
        authorization: 'Bearer eyJhbGciOiJIUzI1NiIsInR5cCI6IkpXVCJ9.eyJpZCI6IjY3NDFhZjEyMzEyODlkMjJmMjMwMDI3NyIsImVtYWlsIjoidCIsImZ1bGxOYW1lIjoidCIsImNvdW50cnkiOiJ0IiwibGFuZ3VhZ2UiOiJ0IiwiaWF0IjoxNzMyMzU3OTIyLCJleHAiOjE3MzIzNjE1MjJ9.0Y0Y0RGYfjF4G46mtO-2GOo2uoOztac8Wlvlh1_gIwc',
        'user-agent': 'PostmanRuntime/7.42.0',
        accept: '*/*',
        'postman-token': '02934407-4bfd-4ec5-accc-1ec5286022fb',
        host: 'localhost:5000',
        'accept-encoding': 'gzip, deflate, br',
        connection: 'keep-alive'
      },
      method: 'GET',
      httpVersion: '1.1',
      originalUrl: '/get-user',
      query: {}
    },
    res: { statusCode: 200 },
    responseTime: 135
  },
  level: 'info',
  message: 'GET /get-user 200 135ms',
  label: 'right meow!',
  timestamp: '2024-11-23 14:08:19'
}
{
  meta: {
    req: {
      url: '/get-user',
      headers: {
        authorization: 'Bearer eyJhbGciOiJIUzI1NiIsInR5cCI6IkpXVCJ9.eyJpZCI6IjY3NDFhZjEyMzEyODlkMjJmMjMwMDI3NyIsImVtYWlsIjoidCIsImZ1bGxOYW1lIjoidCIsImNvdW50cnkiOiJ0IiwibGFuZ3VhZ2UiOiJ0IiwiaWF0IjoxNzMyMzU3OTIyLCJleHAiOjE3MzIzNjE1MjJ9.0Y0Y0RGYfjF4G46mtO-2GOo2uoOztac8Wlvlh1_gIwc',
        'user-agent': 'PostmanRuntime/7.42.0',
        accept: '*/*',
        'postman-token': 'f8a1df59-1982-4644-b3aa-98e04f315fcd',
        host: 'localhost:5000',
        'accept-encoding': 'gzip, deflate, br',
        connection: 'keep-alive'
      },
      method: 'GET',
      httpVersion: '1.1',
      originalUrl: '/get-user',
      query: {}
    },
    res: { statusCode: 200 },
    responseTime: 170
  },
  level: 'info',
  message: 'GET /get-user 200 170ms',
  label: 'right meow!',
  timestamp: '2024-11-23 14:08:45'
}
{
  meta: {
    req: {
      url: '/register',
      headers: {
        'content-type': 'application/json',
        'user-agent': 'PostmanRuntime/7.42.0',
        accept: '*/*',
        'postman-token': 'ed1de2a7-29f5-4d3c-a808-d5d59e77ecf9',
        host: 'localhost:5000',
        'accept-encoding': 'gzip, deflate, br',
        connection: 'keep-alive',
        'content-length': '137'
      },
      method: 'POST',
      httpVersion: '1.1',
      originalUrl: '/register',
      query: {}
    },
    res: { statusCode: 200 },
    responseTime: 608
  },
  level: 'info',
  message: 'POST /register 200 608ms',
  label: 'right meow!',
  timestamp: '2024-11-23 14:10:08'
}
{
  meta: {
    req: {
      url: '/get-user',
      headers: {
        authorization: 'Bearer eyJhbGciOiJIUzI1NiIsInR5cCI6IkpXVCJ9.eyJpZCI6IjY3NDFiMTA4MmY0NjY1NjZkZmQ1YjM2NyIsImVtYWlsIjoidCIsImZ1bGxOYW1lIjoidCIsImNvdW50cnkiOiJ0IiwibGFuZ3VhZ2UiOiJ0IiwiaWF0IjoxNzMyMzU4NDA4LCJleHAiOjE3MzIzNjIwMDh9.LtKTvM-GsWlniYuzTp699DKJpxtr28nsaipj5t_6nsE',
        'user-agent': 'PostmanRuntime/7.42.0',
        accept: '*/*',
        'postman-token': '26ba992a-fa3b-46a5-bc41-fba9a10ea1e6',
        host: 'localhost:5000',
        'accept-encoding': 'gzip, deflate, br',
        connection: 'keep-alive'
      },
      method: 'GET',
      httpVersion: '1.1',
      originalUrl: '/get-user',
      query: {}
    },
    res: { statusCode: 200 },
    responseTime: 241
  },
  level: 'info',
  message: 'GET /get-user 200 241ms',
  label: 'right meow!',
  timestamp: '2024-11-23 14:10:19'
}
{
  meta: {
    req: {
      url: '/get-user',
      headers: {
        authorization: 'Bearer eyJhbGciOiJIUzI1NiIsInR5cCI6IkpXVCJ9.eyJpZCI6IjY3NDFiMTA4MmY0NjY1NjZkZmQ1YjM2NyIsImVtYWlsIjoidCIsImZ1bGxOYW1lIjoidCIsImNvdW50cnkiOiJ0IiwibGFuZ3VhZ2UiOiJ0IiwiaWF0IjoxNzMyMzU4NDA4LCJleHAiOjE3MzIzNjIwMDh9.LtKTvM-GsWlniYuzTp699DKJpxtr28nsaipj5t_6nsE',
        'user-agent': 'PostmanRuntime/7.42.0',
        accept: '*/*',
        'postman-token': '052c858f-111b-4582-9a73-aad6b73be362',
        host: 'localhost:5000',
        'accept-encoding': 'gzip, deflate, br',
        connection: 'keep-alive'
      },
      method: 'GET',
      httpVersion: '1.1',
      originalUrl: '/get-user',
      query: {}
    },
    res: { statusCode: 200 },
    responseTime: 322
  },
  level: 'info',
  message: 'GET /get-user 200 322ms',
  label: 'right meow!',
  timestamp: '2024-11-23 14:11:37'
}
{
  meta: {
    req: {
      url: '/get-user',
      headers: {
        authorization: 'Bearer eyJhbGciOiJIUzI1NiIsInR5cCI6IkpXVCJ9.eyJpZCI6IjY3NDFiMTA4MmY0NjY1NjZkZmQ1YjM2NyIsImVtYWlsIjoidCIsImZ1bGxOYW1lIjoidCIsImNvdW50cnkiOiJ0IiwibGFuZ3VhZ2UiOiJ0IiwiaWF0IjoxNzMyMzU4NDA4LCJleHAiOjE3MzIzNjIwMDh9.LtKTvM-GsWlniYuzTp699DKJpxtr28nsaipj5t_6nsE',
        'user-agent': 'PostmanRuntime/7.42.0',
        accept: '*/*',
        'postman-token': '6c0c3f56-ab90-4fb6-90af-9676a4b35289',
        host: 'localhost:5000',
        'accept-encoding': 'gzip, deflate, br',
        connection: 'keep-alive'
      },
      method: 'GET',
      httpVersion: '1.1',
      originalUrl: '/get-user',
      query: {}
    },
    res: { statusCode: 200 },
    responseTime: 144
  },
  level: 'info',
  message: 'GET /get-user 200 144ms',
  label: 'right meow!',
  timestamp: '2024-11-23 14:11:54'
}
{
  meta: {
    req: {
      url: '/get-user',
      headers: {
        authorization: 'Bearer eyJhbGciOiJIUzI1NiIsInR5cCI6IkpXVCJ9.eyJpZCI6IjY3NDFiMTA4MmY0NjY1NjZkZmQ1YjM2NyIsImVtYWlsIjoidCIsImZ1bGxOYW1lIjoidCIsImNvdW50cnkiOiJ0IiwibGFuZ3VhZ2UiOiJ0IiwiaWF0IjoxNzMyMzU4NDA4LCJleHAiOjE3MzIzNjIwMDh9.LtKTvM-GsWlniYuzTp699DKJpxtr28nsaipj5t_6nsE',
        'user-agent': 'PostmanRuntime/7.42.0',
        accept: '*/*',
        'postman-token': '8710a555-72ef-4148-885c-d3ee7b624a64',
        host: 'localhost:5000',
        'accept-encoding': 'gzip, deflate, br',
        connection: 'keep-alive'
      },
      method: 'GET',
      httpVersion: '1.1',
      originalUrl: '/get-user',
      query: {}
    },
    res: { statusCode: 200 },
    responseTime: 281
  },
  level: 'info',
  message: 'GET /get-user 200 281ms',
  label: 'right meow!',
  timestamp: '2024-11-23 14:13:55'
}
{
  meta: {
    req: {
      url: '/get-user',
      headers: {
        authorization: 'Bearer eyJhbGciOiJIUzI1NiIsInR5cCI6IkpXVCJ9.eyJpZCI6IjY3NDFiMTA4MmY0NjY1NjZkZmQ1YjM2NyIsImVtYWlsIjoidCIsImZ1bGxOYW1lIjoidCIsImNvdW50cnkiOiJ0IiwibGFuZ3VhZ2UiOiJ0IiwiaWF0IjoxNzMyMzU4NDA4LCJleHAiOjE3MzIzNjIwMDh9.LtKTvM-GsWlniYuzTp699DKJpxtr28nsaipj5t_6nsE',
        'user-agent': 'PostmanRuntime/7.42.0',
        accept: '*/*',
        'postman-token': '04e6285e-913b-4582-98d8-f0a36ccfe973',
        host: 'localhost:5000',
        'accept-encoding': 'gzip, deflate, br',
        connection: 'keep-alive'
      },
      method: 'GET',
      httpVersion: '1.1',
      originalUrl: '/get-user',
      query: {}
    },
    res: { statusCode: 200 },
    responseTime: 270
  },
  level: 'info',
  message: 'GET /get-user 200 270ms',
  label: 'right meow!',
  timestamp: '2024-11-23 14:14:49'
}
{
  meta: {
    req: {
      url: '/get-user',
      headers: {
        authorization: 'Bearer eyJhbGciOiJIUzI1NiIsInR5cCI6IkpXVCJ9.eyJpZCI6IjY3NDFiMTA4MmY0NjY1NjZkZmQ1YjM2NyIsImVtYWlsIjoidCIsImZ1bGxOYW1lIjoidCIsImNvdW50cnkiOiJ0IiwibGFuZ3VhZ2UiOiJ0IiwiaWF0IjoxNzMyMzU4NDA4LCJleHAiOjE3MzIzNjIwMDh9.LtKTvM-GsWlniYuzTp699DKJpxtr28nsaipj5t_6nsE',
        'user-agent': 'PostmanRuntime/7.42.0',
        accept: '*/*',
        'postman-token': '4038eab7-8684-43c7-8eb4-8930d7fbb0b9',
        host: 'localhost:5000',
        'accept-encoding': 'gzip, deflate, br',
        connection: 'keep-alive'
      },
      method: 'GET',
      httpVersion: '1.1',
      originalUrl: '/get-user',
      query: {}
    },
    res: { statusCode: 200 },
    responseTime: 250
  },
  level: 'info',
  message: 'GET /get-user 200 250ms',
  label: 'right meow!',
  timestamp: '2024-11-23 14:20:16'
}
{
  meta: {
    req: {
      url: '/get-points-rank',
      headers: {
        authorization: 'Bearer eyJhbGciOiJIUzI1NiIsInR5cCI6IkpXVCJ9.eyJpZCI6IjY3NDFhZjEyMzEyODlkMjJmMjMwMDI3NyIsImVtYWlsIjoidCIsImZ1bGxOYW1lIjoidCIsImNvdW50cnkiOiJ0IiwibGFuZ3VhZ2UiOiJ0IiwiaWF0IjoxNzMyMzU3OTIyLCJleHAiOjE3MzIzNjE1MjJ9.0Y0Y0RGYfjF4G46mtO-2GOo2uoOztac8Wlvlh1_gIwc',
        'user-agent': 'PostmanRuntime/7.42.0',
        accept: '*/*',
        'postman-token': '6250af3d-9703-4395-bab9-493a8e37157a',
        host: 'localhost:5000',
        'accept-encoding': 'gzip, deflate, br',
        connection: 'keep-alive'
      },
      method: 'GET',
      httpVersion: '1.1',
      originalUrl: '/get-points-rank',
      query: {}
    },
    res: { statusCode: 200 },
    responseTime: 297
  },
  level: 'info',
  message: 'GET /get-points-rank 200 297ms',
  label: 'right meow!',
  timestamp: '2024-11-23 14:25:09'
}
{
  meta: {
    req: {
      url: '/get-points-rank',
      headers: {
        authorization: 'Bearer eyJhbGciOiJIUzI1NiIsInR5cCI6IkpXVCJ9.eyJpZCI6IjY3NDFhZjEyMzEyODlkMjJmMjMwMDI3NyIsImVtYWlsIjoidCIsImZ1bGxOYW1lIjoidCIsImNvdW50cnkiOiJ0IiwibGFuZ3VhZ2UiOiJ0IiwiaWF0IjoxNzMyMzU3OTIyLCJleHAiOjE3MzIzNjE1MjJ9.0Y0Y0RGYfjF4G46mtO-2GOo2uoOztac8Wlvlh1_gIwc',
        'user-agent': 'PostmanRuntime/7.42.0',
        accept: '*/*',
        'postman-token': 'f395ec32-967c-47a1-8a44-7bf8d6ceafc4',
        host: 'localhost:5000',
        'accept-encoding': 'gzip, deflate, br',
        connection: 'keep-alive'
      },
      method: 'GET',
      httpVersion: '1.1',
      originalUrl: '/get-points-rank',
      query: {}
    },
    res: { statusCode: 200 },
    responseTime: 259
  },
  level: 'info',
  message: 'GET /get-points-rank 200 259ms',
  label: 'right meow!',
  timestamp: '2024-11-23 14:31:16'
}
{
  meta: {
    req: {
      url: '/get-points-rank',
      headers: {
        authorization: 'Bearer eyJhbGciOiJIUzI1NiIsInR5cCI6IkpXVCJ9.eyJpZCI6IjY3NDFhZjEyMzEyODlkMjJmMjMwMDI3NyIsImVtYWlsIjoidCIsImZ1bGxOYW1lIjoidCIsImNvdW50cnkiOiJ0IiwibGFuZ3VhZ2UiOiJ0IiwiaWF0IjoxNzMyMzU3OTIyLCJleHAiOjE3MzIzNjE1MjJ9.0Y0Y0RGYfjF4G46mtO-2GOo2uoOztac8Wlvlh1_gIwc',
        'user-agent': 'PostmanRuntime/7.42.0',
        accept: '*/*',
        'postman-token': '5de202d9-04ee-4864-8559-8869dbb6670a',
        host: 'localhost:5000',
        'accept-encoding': 'gzip, deflate, br',
        connection: 'keep-alive'
      },
      method: 'GET',
      httpVersion: '1.1',
      originalUrl: '/get-points-rank',
      query: {}
    },
    res: { statusCode: 200 },
    responseTime: 262
  },
  level: 'info',
  message: 'GET /get-points-rank 200 262ms',
  label: 'right meow!',
  timestamp: '2024-11-23 14:33:28'
}
{
  meta: {
    req: {
      url: '/get-points-rank',
      headers: {
        authorization: 'Bearer eyJhbGciOiJIUzI1NiIsInR5cCI6IkpXVCJ9.eyJpZCI6IjY3NDFhZjEyMzEyODlkMjJmMjMwMDI3NyIsImVtYWlsIjoidCIsImZ1bGxOYW1lIjoidCIsImNvdW50cnkiOiJ0IiwibGFuZ3VhZ2UiOiJ0IiwiaWF0IjoxNzMyMzU3OTIyLCJleHAiOjE3MzIzNjE1MjJ9.0Y0Y0RGYfjF4G46mtO-2GOo2uoOztac8Wlvlh1_gIwc',
        'user-agent': 'PostmanRuntime/7.42.0',
        accept: '*/*',
        'postman-token': '0784b778-8b6a-477b-b531-52ae98a11104',
        host: 'localhost:5000',
        'accept-encoding': 'gzip, deflate, br',
        connection: 'keep-alive'
      },
      method: 'GET',
      httpVersion: '1.1',
      originalUrl: '/get-points-rank',
      query: {}
    },
    res: { statusCode: 200 },
    responseTime: 289
  },
  level: 'info',
  message: 'GET /get-points-rank 200 289ms',
  label: 'right meow!',
  timestamp: '2024-11-23 14:33:52'
}
{
  meta: {
    req: {
      url: '/get-points-rank',
      headers: {
        authorization: 'Bearer eyJhbGciOiJIUzI1NiIsInR5cCI6IkpXVCJ9.eyJpZCI6IjY3NDFhZjEyMzEyODlkMjJmMjMwMDI3NyIsImVtYWlsIjoidCIsImZ1bGxOYW1lIjoidCIsImNvdW50cnkiOiJ0IiwibGFuZ3VhZ2UiOiJ0IiwiaWF0IjoxNzMyMzU3OTIyLCJleHAiOjE3MzIzNjE1MjJ9.0Y0Y0RGYfjF4G46mtO-2GOo2uoOztac8Wlvlh1_gIwc',
        'user-agent': 'PostmanRuntime/7.42.0',
        accept: '*/*',
        'postman-token': 'b13b9225-febe-4943-a40f-268e288900fd',
        host: 'localhost:5000',
        'accept-encoding': 'gzip, deflate, br',
        connection: 'keep-alive'
      },
      method: 'GET',
      httpVersion: '1.1',
      originalUrl: '/get-points-rank',
      query: {}
    },
    res: { statusCode: 200 },
    responseTime: 275
  },
  level: 'info',
  message: 'GET /get-points-rank 200 275ms',
  label: 'right meow!',
  timestamp: '2024-11-23 14:34:08'
}
{
  meta: {
    req: {
      url: '/get-points-rank',
      headers: {
        authorization: 'Bearer eyJhbGciOiJIUzI1NiIsInR5cCI6IkpXVCJ9.eyJpZCI6IjY3NDFhZjEyMzEyODlkMjJmMjMwMDI3NyIsImVtYWlsIjoidCIsImZ1bGxOYW1lIjoidCIsImNvdW50cnkiOiJ0IiwibGFuZ3VhZ2UiOiJ0IiwiaWF0IjoxNzMyMzU3OTIyLCJleHAiOjE3MzIzNjE1MjJ9.0Y0Y0RGYfjF4G46mtO-2GOo2uoOztac8Wlvlh1_gIwc',
        'user-agent': 'PostmanRuntime/7.42.0',
        accept: '*/*',
        'postman-token': '4405322e-defb-4f35-9685-c102e4fd6898',
        host: 'localhost:5000',
        'accept-encoding': 'gzip, deflate, br',
        connection: 'keep-alive'
      },
      method: 'GET',
      httpVersion: '1.1',
      originalUrl: '/get-points-rank',
      query: {}
    },
    res: { statusCode: 200 },
    responseTime: 265
  },
  level: 'info',
  message: 'GET /get-points-rank 200 265ms',
  label: 'right meow!',
  timestamp: '2024-11-23 14:34:27'
}
{
  meta: {
    req: {
      url: '/get-user',
      headers: {
        authorization: 'Bearer eyJhbGciOiJIUzI1NiIsInR5cCI6IkpXVCJ9.eyJpZCI6IjY3NDFiMTA4MmY0NjY1NjZkZmQ1YjM2NyIsImVtYWlsIjoidCIsImZ1bGxOYW1lIjoidCIsImNvdW50cnkiOiJ0IiwibGFuZ3VhZ2UiOiJ0IiwiaWF0IjoxNzMyMzU4NDA4LCJleHAiOjE3MzIzNjIwMDh9.LtKTvM-GsWlniYuzTp699DKJpxtr28nsaipj5t_6nsE',
        'user-agent': 'PostmanRuntime/7.42.0',
        accept: '*/*',
        'postman-token': '94a24d7d-c2ac-4825-ae18-f7567fc9b0f7',
        host: 'localhost:5000',
        'accept-encoding': 'gzip, deflate, br',
        connection: 'keep-alive'
      },
      method: 'GET',
      httpVersion: '1.1',
      originalUrl: '/get-user',
      query: {}
    },
    res: { statusCode: 200 },
    responseTime: 253
  },
  level: 'info',
  message: 'GET /get-user 200 253ms',
  label: 'right meow!',
  timestamp: '2024-11-23 14:35:03'
}
{
  meta: {
    req: {
      url: '/get-user',
      headers: {
        authorization: 'Bearer eyJhbGciOiJIUzI1NiIsInR5cCI6IkpXVCJ9.eyJpZCI6IjY3NDFiMTA4MmY0NjY1NjZkZmQ1YjM2NyIsImVtYWlsIjoidCIsImZ1bGxOYW1lIjoidCIsImNvdW50cnkiOiJ0IiwibGFuZ3VhZ2UiOiJ0IiwiaWF0IjoxNzMyMzU4NDA4LCJleHAiOjE3MzIzNjIwMDh9.LtKTvM-GsWlniYuzTp699DKJpxtr28nsaipj5t_6nsE',
        'user-agent': 'PostmanRuntime/7.42.0',
        accept: '*/*',
        'postman-token': 'a0b9650d-f8f8-45af-9d2f-dab0c279dddc',
        host: 'localhost:5000',
        'accept-encoding': 'gzip, deflate, br',
        connection: 'keep-alive'
      },
      method: 'GET',
      httpVersion: '1.1',
      originalUrl: '/get-user',
      query: {}
    },
    res: { statusCode: 200 },
    responseTime: 251
  },
  level: 'info',
  message: 'GET /get-user 200 251ms',
  label: 'right meow!',
  timestamp: '2024-11-23 14:35:36'
}
{
  meta: {
    req: {
      url: '/register',
      headers: {
        'content-type': 'application/json',
        'user-agent': 'PostmanRuntime/7.42.0',
        accept: '*/*',
        'postman-token': 'a8607565-526e-4706-8ad0-b1b5fddf1871',
        host: 'localhost:5000',
        'accept-encoding': 'gzip, deflate, br',
        connection: 'keep-alive',
        'content-length': '164'
      },
      method: 'POST',
      httpVersion: '1.1',
      originalUrl: '/register',
      query: {}
    },
    res: { statusCode: 200 },
    responseTime: 698
  },
  level: 'info',
  message: 'POST /register 200 698ms',
  label: 'right meow!',
  timestamp: '2024-11-23 14:43:34'
}
{
  meta: {
    req: {
      url: '/login',
      headers: {
        'content-type': 'application/json',
        'user-agent': 'PostmanRuntime/7.42.0',
        accept: '*/*',
        'postman-token': 'c6fe52f4-01cd-4d81-b686-3c1253fc3656',
        host: 'localhost:5000',
        'accept-encoding': 'gzip, deflate, br',
        connection: 'keep-alive',
        'content-length': '47'
      },
      method: 'POST',
      httpVersion: '1.1',
      originalUrl: '/login',
      query: {}
    },
    res: { statusCode: 200 },
    responseTime: 325
  },
  level: 'info',
  message: 'POST /login 200 325ms',
  label: 'right meow!',
  timestamp: '2024-11-23 14:44:18'
}
{
  meta: {
    req: {
      url: '/login',
      headers: {
        'content-type': 'application/json',
        'user-agent': 'PostmanRuntime/7.42.0',
        accept: '*/*',
        'postman-token': '71467f3a-8455-4938-a6c0-510df1dc7bb0',
        host: 'localhost:5000',
        'accept-encoding': 'gzip, deflate, br',
        connection: 'keep-alive',
        'content-length': '47'
      },
      method: 'POST',
      httpVersion: '1.1',
      originalUrl: '/login',
      query: {}
    },
    res: { statusCode: 404 },
    responseTime: 236
  },
  level: 'warn',
  message: 'POST /login 404 236ms',
  label: 'right meow!',
  timestamp: '2024-11-23 14:44:36'
}
{
  meta: {
    req: {
      url: '/login',
      headers: {
        'content-type': 'application/json',
        'user-agent': 'PostmanRuntime/7.42.0',
        accept: '*/*',
        'postman-token': '360f9f5f-d522-4a9d-b323-edd66493933e',
        host: 'localhost:5000',
        'accept-encoding': 'gzip, deflate, br',
        connection: 'keep-alive',
        'content-length': '46'
      },
      method: 'POST',
      httpVersion: '1.1',
      originalUrl: '/login',
      query: {}
    },
    res: { statusCode: 200 },
    responseTime: 402
  },
  level: 'info',
  message: 'POST /login 200 402ms',
  label: 'right meow!',
  timestamp: '2024-11-23 16:08:09'
}
{
  meta: {
    req: {
      url: '/interservice/put-new-point',
      headers: {
        host: 'localhost:5000',
        connection: 'keep-alive',
        accept: '*/*',
        'content-type': 'application/json',
        'accept-language': '*',
        'sec-fetch-mode': 'cors',
        'user-agent': 'node',
        'accept-encoding': 'gzip, deflate',
        'content-length': '140'
      },
      method: 'PUT',
      httpVersion: '1.1',
      originalUrl: '/interservice/put-new-point',
      query: {}
    },
    res: { statusCode: 200 },
    responseTime: 305
  },
  level: 'info',
  message: 'PUT /interservice/put-new-point 200 305ms',
  label: 'right meow!',
  timestamp: '2024-11-23 17:05:58'
}
{
  meta: {
    req: {
      url: '/login',
      headers: {
        'content-type': 'application/json',
        'user-agent': 'PostmanRuntime/7.42.0',
        accept: '*/*',
        'postman-token': '411edf5f-cea1-4b18-b731-999241f1b70f',
        host: 'localhost:5000',
        'accept-encoding': 'gzip, deflate, br',
        connection: 'keep-alive',
        'content-length': '46'
      },
      method: 'POST',
      httpVersion: '1.1',
      originalUrl: '/login',
      query: {}
    },
    res: { statusCode: 200 },
    responseTime: 336
  },
  level: 'info',
  message: 'POST /login 200 336ms',
  label: 'right meow!',
  timestamp: '2024-11-23 17:08:34'
}
{
  meta: {
    req: {
      url: '/interservice/put-new-point',
      headers: {
        host: 'localhost:5000',
        connection: 'keep-alive',
        accept: '*/*',
        'content-type': 'application/json',
        'accept-language': '*',
        'sec-fetch-mode': 'cors',
        'user-agent': 'node',
        'accept-encoding': 'gzip, deflate',
        'content-length': '140'
      },
      method: 'PUT',
      httpVersion: '1.1',
      originalUrl: '/interservice/put-new-point',
      query: {}
    },
    res: { statusCode: 200 },
    responseTime: 309
  },
  level: 'info',
  message: 'PUT /interservice/put-new-point 200 309ms',
  label: 'right meow!',
  timestamp: '2024-11-23 17:11:04'
}
{
  meta: {
    req: {
      url: '/interservice/put-new-point',
      headers: {
        host: 'localhost:5000',
        connection: 'keep-alive',
        accept: '*/*',
        'content-type': 'application/json',
        'accept-language': '*',
        'sec-fetch-mode': 'cors',
        'user-agent': 'node',
        'accept-encoding': 'gzip, deflate',
        'content-length': '140'
      },
      method: 'PUT',
      httpVersion: '1.1',
      originalUrl: '/interservice/put-new-point',
      query: {}
    },
    res: { statusCode: 200 },
    responseTime: 428
  },
  level: 'info',
  message: 'PUT /interservice/put-new-point 200 428ms',
  label: 'right meow!',
  timestamp: '2024-11-23 17:11:45'
}
{
  meta: {
    req: {
      url: '/interservice/put-new-point',
      headers: {
        host: 'localhost:5000',
        connection: 'keep-alive',
        accept: '*/*',
        'content-type': 'application/json',
        'accept-language': '*',
        'sec-fetch-mode': 'cors',
        'user-agent': 'node',
        'accept-encoding': 'gzip, deflate',
        'content-length': '140'
      },
      method: 'PUT',
      httpVersion: '1.1',
      originalUrl: '/interservice/put-new-point',
      query: {}
    },
    res: { statusCode: 200 },
    responseTime: 285
  },
  level: 'info',
  message: 'PUT /interservice/put-new-point 200 285ms',
  label: 'right meow!',
  timestamp: '2024-11-23 17:12:29'
}
{
  meta: {
    req: {
      url: '/interservice/put-new-point',
      headers: {
        host: 'localhost:5000',
        connection: 'keep-alive',
        accept: '*/*',
        'content-type': 'application/json',
        'accept-language': '*',
        'sec-fetch-mode': 'cors',
        'user-agent': 'node',
        'accept-encoding': 'gzip, deflate',
        'content-length': '140'
      },
      method: 'PUT',
      httpVersion: '1.1',
      originalUrl: '/interservice/put-new-point',
      query: {}
    },
    res: { statusCode: 200 },
    responseTime: 358
  },
  level: 'info',
  message: 'PUT /interservice/put-new-point 200 358ms',
  label: 'right meow!',
  timestamp: '2024-11-23 17:13:35'
}
{
  meta: {
    req: {
      url: '/app/register',
      headers: {
        'content-length': '171',
        connection: 'close',
        'accept-encoding': 'gzip, deflate, br',
        host: 'localhost:5000',
        'postman-token': 'b5b808af-875c-4d7c-b76d-33ea21034017',
        accept: '*/*',
        'user-agent': 'PostmanRuntime/7.42.0',
        'content-type': 'application/json'
      },
      method: 'POST',
      httpVersion: '1.1',
      originalUrl: '/app/register',
      query: {}
    },
    res: { statusCode: 400 },
    responseTime: 28644
  },
  level: 'warn',
  message: 'POST /app/register 400 28644ms',
  label: 'right meow!',
  timestamp: '2024-11-26 00:10:37'
}
{
  meta: {
    req: {
      url: '/app/register',
      headers: {
        'content-length': '171',
        connection: 'close',
        'accept-encoding': 'gzip, deflate, br',
        host: 'localhost:5000',
        'postman-token': 'e820ef3a-45b2-45fb-9903-dc28888031fb',
        accept: '*/*',
        'user-agent': 'PostmanRuntime/7.42.0',
        'content-type': 'application/json'
      },
      method: 'POST',
      httpVersion: '1.1',
      originalUrl: '/app/register',
      query: {}
    },
    res: { statusCode: 400 },
    responseTime: 14684
  },
  level: 'warn',
  message: 'POST /app/register 400 14684ms',
  label: 'right meow!',
  timestamp: '2024-11-26 00:10:57'
}
{
  meta: {
    req: {
      url: '/app/register',
      headers: {
        'content-length': '171',
        connection: 'close',
        'accept-encoding': 'gzip, deflate, br',
        host: 'localhost:5000',
        'postman-token': '5bb499c6-3e9a-4a32-8141-d8dae40d4d4d',
        accept: '*/*',
        'user-agent': 'PostmanRuntime/7.42.0',
        'content-type': 'application/json'
      },
      method: 'POST',
      httpVersion: '1.1',
      originalUrl: '/app/register',
      query: {}
    },
    res: { statusCode: 400 },
    responseTime: 31026
  },
  level: 'warn',
  message: 'POST /app/register 400 31026ms',
  label: 'right meow!',
  timestamp: '2024-11-26 00:12:55'
}
{
  meta: {
    req: {
      url: '/app/test',
      headers: {
        cookie: 'comentid=projects.css; ids=projects.css; id=657a9dd18d0370d9d2efb3f6; csrftoken=f7nKJuUIiFhDdEvJYEwLKwrB46a528ds; gmail=kianlucifer0098%40gmail.com; name=majid; verifyNumber=%20hhhads%3Blkf',
        'accept-language': 'en-US,en;q=0.9,fa;q=0.8',
        'accept-encoding': 'gzip, deflate, br, zstd',
        'sec-fetch-dest': 'document',
        'sec-fetch-user': '?1',
        'sec-fetch-mode': 'navigate',
        'sec-fetch-site': 'none',
        accept: 'text/html,application/xhtml+xml,application/xml;q=0.9,image/avif,image/webp,image/apng,*/*;q=0.8,application/signed-exchange;v=b3;q=0.7',
        'user-agent': 'Mozilla/5.0 (Windows NT 10.0; Win64; x64) AppleWebKit/537.36 (KHTML, like Gecko) Chrome/131.0.0.0 Safari/537.36',
        'upgrade-insecure-requests': '1',
        'sec-ch-ua-platform': '"Windows"',
        'sec-ch-ua-mobile': '?0',
        'sec-ch-ua': '"Google Chrome";v="131", "Chromium";v="131", "Not_A Brand";v="24"',
        connection: 'close',
        host: 'localhost:5000'
      },
      method: 'GET',
      httpVersion: '1.1',
      originalUrl: '/app/test',
      query: {}
    },
    res: { statusCode: 200 },
    responseTime: 4
  },
  level: 'info',
  message: 'GET /app/test 200 4ms',
  label: 'right meow!',
  timestamp: '2024-11-26 00:19:37'
}
{
  meta: {
    req: {
      url: '/app/test',
      headers: {
        'if-none-match': 'W/"b-GVaIlIAwHe+hVIQ96Oq7sdtl26A"',
        cookie: 'comentid=projects.css; ids=projects.css; id=657a9dd18d0370d9d2efb3f6; csrftoken=f7nKJuUIiFhDdEvJYEwLKwrB46a528ds; gmail=kianlucifer0098%40gmail.com; name=majid; verifyNumber=%20hhhads%3Blkf',
        'accept-language': 'en-US,en;q=0.9,fa;q=0.8',
        'accept-encoding': 'gzip, deflate, br, zstd',
        'sec-fetch-dest': 'document',
        'sec-fetch-user': '?1',
        'sec-fetch-mode': 'navigate',
        'sec-fetch-site': 'none',
        accept: 'text/html,application/xhtml+xml,application/xml;q=0.9,image/avif,image/webp,image/apng,*/*;q=0.8,application/signed-exchange;v=b3;q=0.7',
        'user-agent': 'Mozilla/5.0 (Windows NT 10.0; Win64; x64) AppleWebKit/537.36 (KHTML, like Gecko) Chrome/131.0.0.0 Safari/537.36',
        'upgrade-insecure-requests': '1',
        'sec-ch-ua-platform': '"Windows"',
        'sec-ch-ua-mobile': '?0',
        'sec-ch-ua': '"Google Chrome";v="131", "Chromium";v="131", "Not_A Brand";v="24"',
        'cache-control': 'max-age=0',
        connection: 'close',
        host: 'localhost:5000'
      },
      method: 'GET',
      httpVersion: '1.1',
      originalUrl: '/app/test',
      query: {}
    },
    res: { statusCode: 304 },
    responseTime: 2
  },
  level: 'info',
  message: 'GET /app/test 304 2ms',
  label: 'right meow!',
  timestamp: '2024-11-26 00:20:24'
}
{
  meta: {
    req: {
      url: '/app/test',
      headers: {
        connection: 'close',
        'accept-encoding': 'gzip, deflate, br',
        host: 'localhost:5000',
        'postman-token': '261e8b24-4153-4458-80e0-2fdbcd808711',
        accept: '*/*',
        'user-agent': 'PostmanRuntime/7.42.0'
      },
      method: 'GET',
      httpVersion: '1.1',
      originalUrl: '/app/test',
      query: {}
    },
    res: { statusCode: 200 },
    responseTime: 2
  },
  level: 'info',
  message: 'GET /app/test 200 2ms',
  label: 'right meow!',
  timestamp: '2024-11-26 00:25:26'
}
{
  meta: {
    req: {
      url: '/app/test',
      headers: {
        'content-length': '171',
        connection: 'close',
        'accept-encoding': 'gzip, deflate, br',
        host: 'localhost:5000',
        'postman-token': 'e020ea53-3f56-42d4-970b-8ddeae70bfb2',
        accept: '*/*',
        'user-agent': 'PostmanRuntime/7.42.0',
        'content-type': 'application/json'
      },
      method: 'GET',
      httpVersion: '1.1',
      originalUrl: '/app/test',
      query: {}
    },
    res: { statusCode: 400 },
    responseTime: 178035
  },
  level: 'warn',
  message: 'GET /app/test 400 178035ms',
  label: 'right meow!',
  timestamp: '2024-11-26 00:27:30'
}
{
  meta: {
    req: {
      url: '/app/register',
      headers: {
        'content-length': '171',
        connection: 'close',
        'accept-encoding': 'gzip, deflate, br',
        host: 'localhost:5000',
        'postman-token': 'e5ea4fe3-9251-49f3-9313-3cd9ea3e7ab7',
        accept: '*/*',
        'user-agent': 'PostmanRuntime/7.42.0',
        'content-type': 'application/json'
      },
      method: 'POST',
      httpVersion: '1.1',
      originalUrl: '/app/register',
      query: {}
    },
    res: { statusCode: 400 },
    responseTime: 83581
  },
  level: 'warn',
  message: 'POST /app/register 400 83581ms',
  label: 'right meow!',
  timestamp: '2024-11-26 00:27:30'
}
{
  meta: {
    req: {
      url: '/app/register',
      headers: {
        'content-length': '171',
        connection: 'close',
        'accept-encoding': 'gzip, deflate, br',
        host: 'localhost:5000',
        'postman-token': '81f62b43-ff4b-4843-a6ee-973c532003f0',
        accept: '*/*',
        'user-agent': 'PostmanRuntime/7.42.0',
        'content-type': 'application/json'
      },
      method: 'POST',
      httpVersion: '1.1',
      originalUrl: '/app/register',
      query: {}
    },
    res: { statusCode: 200 },
    responseTime: 1974
  },
  level: 'info',
  message: 'POST /app/register 200 1974ms',
  label: 'right meow!',
  timestamp: '2024-11-26 00:27:44'
}
